2022-06-25 20:30:57.890 | INFO     | FedUtils.fed.fedprox:train:33 - Train with 10 workers...
2022-06-25 20:30:57.891 | INFO     | FedUtils.fed.fedprox:train:36 - -- Log At Round 0 --
2022-06-25 20:31:11.717 | INFO     | FedUtils.fed.fedprox:train:42 - -- TEST RESULTS --
2022-06-25 20:31:11.719 | INFO     | FedUtils.models.utils:decode_stat:127 - Test_0 Accuracy: 0.0009907725034281611
2022-06-25 20:31:11.719 | INFO     | FedUtils.models.utils:decode_stat:127 - Test_1 Accuracy: 0.0
2022-06-25 20:31:11.719 | INFO     | FedUtils.fed.fedprox:train:44 - -- TRAIN RESULTS --
2022-06-25 20:31:11.719 | INFO     | FedUtils.models.utils:decode_stat:127 - Test_0 Accuracy: 0.0009907725034281611
2022-06-25 20:31:11.719 | INFO     | FedUtils.models.utils:decode_stat:127 - Test_1 Accuracy: 0.0
2022-06-25 20:37:22.935 | INFO     | FedUtils.fed.fedprox:train:36 - -- Log At Round 1 --
2022-06-25 20:37:38.057 | INFO     | FedUtils.fed.fedprox:train:42 - -- TEST RESULTS --
2022-06-25 20:37:38.057 | INFO     | FedUtils.models.utils:decode_stat:127 - Test_0 Accuracy: 0.2646249830722809
2022-06-25 20:37:38.057 | INFO     | FedUtils.models.utils:decode_stat:127 - Test_1 Accuracy: 0.26254546642303467
2022-06-25 20:37:38.058 | INFO     | FedUtils.fed.fedprox:train:44 - -- TRAIN RESULTS --
2022-06-25 20:37:38.058 | INFO     | FedUtils.models.utils:decode_stat:127 - Test_0 Accuracy: 0.2646249830722809
2022-06-25 20:37:38.058 | INFO     | FedUtils.models.utils:decode_stat:127 - Test_1 Accuracy: 0.26254546642303467
2022-06-25 20:41:30.553 | INFO     | FedUtils.fed.fedprox:train:36 - -- Log At Round 2 --
2022-06-25 20:41:45.880 | INFO     | FedUtils.fed.fedprox:train:42 - -- TEST RESULTS --
2022-06-25 20:41:45.881 | INFO     | FedUtils.models.utils:decode_stat:127 - Test_0 Accuracy: 0.3494321405887604
2022-06-25 20:41:45.881 | INFO     | FedUtils.models.utils:decode_stat:127 - Test_1 Accuracy: 0.3476363718509674
2022-06-25 20:41:45.881 | INFO     | FedUtils.fed.fedprox:train:44 - -- TRAIN RESULTS --
2022-06-25 20:41:45.881 | INFO     | FedUtils.models.utils:decode_stat:127 - Test_0 Accuracy: 0.3494321405887604
2022-06-25 20:41:45.881 | INFO     | FedUtils.models.utils:decode_stat:127 - Test_1 Accuracy: 0.3476363718509674
2022-06-25 20:47:19.179 | INFO     | FedUtils.fed.fedprox:train:36 - -- Log At Round 3 --
2022-06-25 20:47:33.028 | INFO     | FedUtils.fed.fedprox:train:42 - -- TEST RESULTS --
2022-06-25 20:47:33.028 | INFO     | FedUtils.models.utils:decode_stat:127 - Test_0 Accuracy: 0.4023127853870392
2022-06-25 20:47:33.028 | INFO     | FedUtils.models.utils:decode_stat:127 - Test_1 Accuracy: 0.38545453548431396
2022-06-25 20:47:33.029 | INFO     | FedUtils.fed.fedprox:train:44 - -- TRAIN RESULTS --
2022-06-25 20:47:33.029 | INFO     | FedUtils.models.utils:decode_stat:127 - Test_0 Accuracy: 0.4023127853870392
2022-06-25 20:47:33.029 | INFO     | FedUtils.models.utils:decode_stat:127 - Test_1 Accuracy: 0.38545453548431396
2022-06-25 20:54:14.025 | INFO     | FedUtils.fed.fedprox:train:36 - -- Log At Round 4 --
2022-06-25 20:54:27.888 | INFO     | FedUtils.fed.fedprox:train:42 - -- TEST RESULTS --
2022-06-25 20:54:27.889 | INFO     | FedUtils.models.utils:decode_stat:127 - Test_0 Accuracy: 0.4365313947200775
2022-06-25 20:54:27.889 | INFO     | FedUtils.models.utils:decode_stat:127 - Test_1 Accuracy: 0.4192727208137512
2022-06-25 20:54:27.889 | INFO     | FedUtils.fed.fedprox:train:44 - -- TRAIN RESULTS --
2022-06-25 20:54:27.889 | INFO     | FedUtils.models.utils:decode_stat:127 - Test_0 Accuracy: 0.4365313947200775
2022-06-25 20:54:27.889 | INFO     | FedUtils.models.utils:decode_stat:127 - Test_1 Accuracy: 0.4192727208137512
2022-06-25 20:58:54.705 | INFO     | FedUtils.fed.fedprox:train:36 - -- Log At Round 5 --
2022-06-25 20:59:08.472 | INFO     | FedUtils.fed.fedprox:train:42 - -- TEST RESULTS --
2022-06-25 20:59:08.473 | INFO     | FedUtils.models.utils:decode_stat:127 - Test_0 Accuracy: 0.44883474707603455
2022-06-25 20:59:08.473 | INFO     | FedUtils.models.utils:decode_stat:127 - Test_1 Accuracy: 0.430545449256897
2022-06-25 20:59:08.473 | INFO     | FedUtils.fed.fedprox:train:44 - -- TRAIN RESULTS --
2022-06-25 20:59:08.473 | INFO     | FedUtils.models.utils:decode_stat:127 - Test_0 Accuracy: 0.44883474707603455
2022-06-25 20:59:08.473 | INFO     | FedUtils.models.utils:decode_stat:127 - Test_1 Accuracy: 0.430545449256897
2022-06-25 21:02:17.521 | INFO     | FedUtils.fed.fedprox:train:36 - -- Log At Round 6 --
2022-06-25 21:02:31.366 | INFO     | FedUtils.fed.fedprox:train:42 - -- TEST RESULTS --
2022-06-25 21:02:31.367 | INFO     | FedUtils.models.utils:decode_stat:127 - Test_0 Accuracy: 0.454439252614975
2022-06-25 21:02:31.367 | INFO     | FedUtils.models.utils:decode_stat:127 - Test_1 Accuracy: 0.43745455145835876
2022-06-25 21:02:31.367 | INFO     | FedUtils.fed.fedprox:train:44 - -- TRAIN RESULTS --
2022-06-25 21:02:31.367 | INFO     | FedUtils.models.utils:decode_stat:127 - Test_0 Accuracy: 0.454439252614975
2022-06-25 21:02:31.367 | INFO     | FedUtils.models.utils:decode_stat:127 - Test_1 Accuracy: 0.43745455145835876
2022-06-25 21:04:08.203 | INFO     | FedUtils.fed.fedprox:train:36 - -- Log At Round 7 --
2022-06-25 21:04:22.951 | INFO     | FedUtils.fed.fedprox:train:42 - -- TEST RESULTS --
2022-06-25 21:04:22.952 | INFO     | FedUtils.models.utils:decode_stat:127 - Test_0 Accuracy: 0.45535609126091003
2022-06-25 21:04:22.952 | INFO     | FedUtils.models.utils:decode_stat:127 - Test_1 Accuracy: 0.434181809425354
2022-06-25 21:04:22.952 | INFO     | FedUtils.fed.fedprox:train:44 - -- TRAIN RESULTS --
2022-06-25 21:04:22.952 | INFO     | FedUtils.models.utils:decode_stat:127 - Test_0 Accuracy: 0.45535609126091003
2022-06-25 21:04:22.952 | INFO     | FedUtils.models.utils:decode_stat:127 - Test_1 Accuracy: 0.434181809425354
2022-06-25 21:11:40.680 | INFO     | FedUtils.fed.fedprox:train:36 - -- Log At Round 8 --
2022-06-25 21:11:53.796 | INFO     | FedUtils.fed.fedprox:train:42 - -- TEST RESULTS --
2022-06-25 21:11:53.797 | INFO     | FedUtils.models.utils:decode_stat:127 - Test_0 Accuracy: 0.4654116928577423
2022-06-25 21:11:53.797 | INFO     | FedUtils.models.utils:decode_stat:127 - Test_1 Accuracy: 0.4450909197330475
2022-06-25 21:11:53.797 | INFO     | FedUtils.fed.fedprox:train:44 - -- TRAIN RESULTS --
2022-06-25 21:11:53.797 | INFO     | FedUtils.models.utils:decode_stat:127 - Test_0 Accuracy: 0.4654116928577423
2022-06-25 21:11:53.798 | INFO     | FedUtils.models.utils:decode_stat:127 - Test_1 Accuracy: 0.4450909197330475
2022-06-25 21:20:03.657 | INFO     | FedUtils.fed.fedprox:train:36 - -- Log At Round 9 --
2022-06-25 21:20:17.983 | INFO     | FedUtils.fed.fedprox:train:42 - -- TEST RESULTS --
2022-06-25 21:20:17.984 | INFO     | FedUtils.models.utils:decode_stat:127 - Test_0 Accuracy: 0.4760439991950989
2022-06-25 21:20:17.984 | INFO     | FedUtils.models.utils:decode_stat:127 - Test_1 Accuracy: 0.44945454597473145
2022-06-25 21:20:17.984 | INFO     | FedUtils.fed.fedprox:train:44 - -- TRAIN RESULTS --
2022-06-25 21:20:17.984 | INFO     | FedUtils.models.utils:decode_stat:127 - Test_0 Accuracy: 0.4760439991950989
2022-06-25 21:20:17.985 | INFO     | FedUtils.models.utils:decode_stat:127 - Test_1 Accuracy: 0.44945454597473145
2022-06-25 21:27:41.885 | INFO     | FedUtils.fed.fedprox:train:36 - -- Log At Round 10 --
2022-06-25 21:27:55.815 | INFO     | FedUtils.fed.fedprox:train:42 - -- TEST RESULTS --
2022-06-25 21:27:55.816 | INFO     | FedUtils.models.utils:decode_stat:127 - Test_0 Accuracy: 0.4796965718269348
2022-06-25 21:27:55.816 | INFO     | FedUtils.models.utils:decode_stat:127 - Test_1 Accuracy: 0.45745453238487244
2022-06-25 21:27:55.816 | INFO     | FedUtils.fed.fedprox:train:44 - -- TRAIN RESULTS --
2022-06-25 21:27:55.816 | INFO     | FedUtils.models.utils:decode_stat:127 - Test_0 Accuracy: 0.4796965718269348
2022-06-25 21:27:55.817 | INFO     | FedUtils.models.utils:decode_stat:127 - Test_1 Accuracy: 0.45745453238487244
2022-06-25 21:31:45.352 | INFO     | FedUtils.fed.fedprox:train:36 - -- Log At Round 11 --
2022-06-25 21:32:00.203 | INFO     | FedUtils.fed.fedprox:train:42 - -- TEST RESULTS --
2022-06-25 21:32:00.203 | INFO     | FedUtils.models.utils:decode_stat:127 - Test_0 Accuracy: 0.48361527919769287
2022-06-25 21:32:00.204 | INFO     | FedUtils.models.utils:decode_stat:127 - Test_1 Accuracy: 0.4527272582054138
2022-06-25 21:32:00.204 | INFO     | FedUtils.fed.fedprox:train:44 - -- TRAIN RESULTS --
2022-06-25 21:32:00.204 | INFO     | FedUtils.models.utils:decode_stat:127 - Test_0 Accuracy: 0.48361527919769287
2022-06-25 21:32:00.204 | INFO     | FedUtils.models.utils:decode_stat:127 - Test_1 Accuracy: 0.4527272582054138
2022-06-25 21:37:33.992 | INFO     | FedUtils.fed.fedprox:train:36 - -- Log At Round 12 --
2022-06-25 21:37:48.466 | INFO     | FedUtils.fed.fedprox:train:42 - -- TEST RESULTS --
2022-06-25 21:37:48.466 | INFO     | FedUtils.models.utils:decode_stat:127 - Test_0 Accuracy: 0.48722347617149353
2022-06-25 21:37:48.467 | INFO     | FedUtils.models.utils:decode_stat:127 - Test_1 Accuracy: 0.46000000834465027
2022-06-25 21:37:48.467 | INFO     | FedUtils.fed.fedprox:train:44 - -- TRAIN RESULTS --
2022-06-25 21:37:48.467 | INFO     | FedUtils.models.utils:decode_stat:127 - Test_0 Accuracy: 0.48722347617149353
2022-06-25 21:37:48.467 | INFO     | FedUtils.models.utils:decode_stat:127 - Test_1 Accuracy: 0.46000000834465027
2022-06-25 21:45:11.650 | INFO     | FedUtils.fed.fedprox:train:36 - -- Log At Round 13 --
2022-06-25 21:45:27.008 | INFO     | FedUtils.fed.fedprox:train:42 - -- TEST RESULTS --
2022-06-25 21:45:27.008 | INFO     | FedUtils.models.utils:decode_stat:127 - Test_0 Accuracy: 0.489959180355072
2022-06-25 21:45:27.008 | INFO     | FedUtils.models.utils:decode_stat:127 - Test_1 Accuracy: 0.4694545567035675
2022-06-25 21:45:27.009 | INFO     | FedUtils.fed.fedprox:train:44 - -- TRAIN RESULTS --
2022-06-25 21:45:27.009 | INFO     | FedUtils.models.utils:decode_stat:127 - Test_0 Accuracy: 0.489959180355072
2022-06-25 21:45:27.009 | INFO     | FedUtils.models.utils:decode_stat:127 - Test_1 Accuracy: 0.4694545567035675
2022-06-25 21:50:47.112 | INFO     | FedUtils.fed.fedprox:train:36 - -- Log At Round 14 --
2022-06-25 21:51:00.879 | INFO     | FedUtils.fed.fedprox:train:42 - -- TEST RESULTS --
2022-06-25 21:51:00.880 | INFO     | FedUtils.models.utils:decode_stat:127 - Test_0 Accuracy: 0.4918963611125946
2022-06-25 21:51:00.880 | INFO     | FedUtils.models.utils:decode_stat:127 - Test_1 Accuracy: 0.46399998664855957
2022-06-25 21:51:00.880 | INFO     | FedUtils.fed.fedprox:train:44 - -- TRAIN RESULTS --
2022-06-25 21:51:00.880 | INFO     | FedUtils.models.utils:decode_stat:127 - Test_0 Accuracy: 0.4918963611125946
2022-06-25 21:51:00.880 | INFO     | FedUtils.models.utils:decode_stat:127 - Test_1 Accuracy: 0.46399998664855957
2022-06-25 21:55:31.242 | INFO     | FedUtils.fed.fedprox:train:36 - -- Log At Round 15 --
2022-06-25 21:55:45.247 | INFO     | FedUtils.fed.fedprox:train:42 - -- TEST RESULTS --
2022-06-25 21:55:45.247 | INFO     | FedUtils.models.utils:decode_stat:127 - Test_0 Accuracy: 0.4946468770503998
2022-06-25 21:55:45.247 | INFO     | FedUtils.models.utils:decode_stat:127 - Test_1 Accuracy: 0.4705454409122467
2022-06-25 21:55:45.247 | INFO     | FedUtils.fed.fedprox:train:44 - -- TRAIN RESULTS --
2022-06-25 21:55:45.248 | INFO     | FedUtils.models.utils:decode_stat:127 - Test_0 Accuracy: 0.4946468770503998
2022-06-25 21:55:45.248 | INFO     | FedUtils.models.utils:decode_stat:127 - Test_1 Accuracy: 0.4705454409122467
2022-06-25 22:00:24.392 | INFO     | FedUtils.fed.fedprox:train:36 - -- Log At Round 16 --
2022-06-25 22:00:38.326 | INFO     | FedUtils.fed.fedprox:train:42 - -- TEST RESULTS --
2022-06-25 22:00:38.326 | INFO     | FedUtils.models.utils:decode_stat:127 - Test_0 Accuracy: 0.4951496422290802
2022-06-25 22:00:38.326 | INFO     | FedUtils.models.utils:decode_stat:127 - Test_1 Accuracy: 0.4698181748390198
2022-06-25 22:00:38.326 | INFO     | FedUtils.fed.fedprox:train:44 - -- TRAIN RESULTS --
2022-06-25 22:00:38.327 | INFO     | FedUtils.models.utils:decode_stat:127 - Test_0 Accuracy: 0.4951496422290802
2022-06-25 22:00:38.327 | INFO     | FedUtils.models.utils:decode_stat:127 - Test_1 Accuracy: 0.4698181748390198
2022-06-25 22:06:15.262 | INFO     | FedUtils.fed.fedprox:train:36 - -- Log At Round 17 --
2022-06-25 22:06:28.952 | INFO     | FedUtils.fed.fedprox:train:42 - -- TEST RESULTS --
2022-06-25 22:06:28.952 | INFO     | FedUtils.models.utils:decode_stat:127 - Test_0 Accuracy: 0.4984472990036011
2022-06-25 22:06:28.952 | INFO     | FedUtils.models.utils:decode_stat:127 - Test_1 Accuracy: 0.47381818294525146
2022-06-25 22:06:28.952 | INFO     | FedUtils.fed.fedprox:train:44 - -- TRAIN RESULTS --
2022-06-25 22:06:28.953 | INFO     | FedUtils.models.utils:decode_stat:127 - Test_0 Accuracy: 0.4984472990036011
2022-06-25 22:06:28.953 | INFO     | FedUtils.models.utils:decode_stat:127 - Test_1 Accuracy: 0.47381818294525146
2022-06-25 22:08:35.714 | INFO     | FedUtils.fed.fedprox:train:36 - -- Log At Round 18 --
2022-06-25 22:08:49.319 | INFO     | FedUtils.fed.fedprox:train:42 - -- TEST RESULTS --
2022-06-25 22:08:49.320 | INFO     | FedUtils.models.utils:decode_stat:127 - Test_0 Accuracy: 0.49933454394340515
2022-06-25 22:08:49.320 | INFO     | FedUtils.models.utils:decode_stat:127 - Test_1 Accuracy: 0.47672727704048157
2022-06-25 22:08:49.320 | INFO     | FedUtils.fed.fedprox:train:44 - -- TRAIN RESULTS --
2022-06-25 22:08:49.321 | INFO     | FedUtils.models.utils:decode_stat:127 - Test_0 Accuracy: 0.49933454394340515
2022-06-25 22:08:49.321 | INFO     | FedUtils.models.utils:decode_stat:127 - Test_1 Accuracy: 0.47672727704048157
2022-06-25 22:14:34.060 | INFO     | FedUtils.fed.fedprox:train:36 - -- Log At Round 19 --
2022-06-25 22:14:48.447 | INFO     | FedUtils.fed.fedprox:train:42 - -- TEST RESULTS --
2022-06-25 22:14:48.447 | INFO     | FedUtils.models.utils:decode_stat:127 - Test_0 Accuracy: 0.5009316205978394
2022-06-25 22:14:48.448 | INFO     | FedUtils.models.utils:decode_stat:127 - Test_1 Accuracy: 0.47781819105148315
2022-06-25 22:14:48.448 | INFO     | FedUtils.fed.fedprox:train:44 - -- TRAIN RESULTS --
2022-06-25 22:14:48.448 | INFO     | FedUtils.models.utils:decode_stat:127 - Test_0 Accuracy: 0.5009316205978394
2022-06-25 22:14:48.448 | INFO     | FedUtils.models.utils:decode_stat:127 - Test_1 Accuracy: 0.47781819105148315
2022-06-25 22:21:58.836 | INFO     | FedUtils.fed.fedprox:train:36 - -- Log At Round 20 --
2022-06-25 22:22:13.545 | INFO     | FedUtils.fed.fedprox:train:42 - -- TEST RESULTS --
2022-06-25 22:22:13.546 | INFO     | FedUtils.models.utils:decode_stat:127 - Test_0 Accuracy: 0.5028836131095886
2022-06-25 22:22:13.546 | INFO     | FedUtils.models.utils:decode_stat:127 - Test_1 Accuracy: 0.4803636372089386
2022-06-25 22:22:13.546 | INFO     | FedUtils.fed.fedprox:train:44 - -- TRAIN RESULTS --
2022-06-25 22:22:13.546 | INFO     | FedUtils.models.utils:decode_stat:127 - Test_0 Accuracy: 0.5028836131095886
2022-06-25 22:22:13.547 | INFO     | FedUtils.models.utils:decode_stat:127 - Test_1 Accuracy: 0.4803636372089386
2022-06-25 22:23:09.684 | INFO     | FedUtils.fed.fedprox:train:36 - -- Log At Round 21 --
2022-06-25 22:23:23.640 | INFO     | FedUtils.fed.fedprox:train:42 - -- TEST RESULTS --
2022-06-25 22:23:23.640 | INFO     | FedUtils.models.utils:decode_stat:127 - Test_0 Accuracy: 0.5035638213157654
2022-06-25 22:23:23.640 | INFO     | FedUtils.models.utils:decode_stat:127 - Test_1 Accuracy: 0.4785454571247101
2022-06-25 22:23:23.640 | INFO     | FedUtils.fed.fedprox:train:44 - -- TRAIN RESULTS --
2022-06-25 22:23:23.641 | INFO     | FedUtils.models.utils:decode_stat:127 - Test_0 Accuracy: 0.5035638213157654
2022-06-25 22:23:23.641 | INFO     | FedUtils.models.utils:decode_stat:127 - Test_1 Accuracy: 0.4785454571247101
2022-06-25 22:26:48.720 | INFO     | FedUtils.fed.fedprox:train:36 - -- Log At Round 22 --
2022-06-25 22:27:02.051 | INFO     | FedUtils.fed.fedprox:train:42 - -- TEST RESULTS --
2022-06-25 22:27:02.052 | INFO     | FedUtils.models.utils:decode_stat:127 - Test_0 Accuracy: 0.5049095153808594
2022-06-25 22:27:02.052 | INFO     | FedUtils.models.utils:decode_stat:127 - Test_1 Accuracy: 0.47563636302948
2022-06-25 22:27:02.052 | INFO     | FedUtils.fed.fedprox:train:44 - -- TRAIN RESULTS --
2022-06-25 22:27:02.052 | INFO     | FedUtils.models.utils:decode_stat:127 - Test_0 Accuracy: 0.5049095153808594
2022-06-25 22:27:02.052 | INFO     | FedUtils.models.utils:decode_stat:127 - Test_1 Accuracy: 0.47563636302948
2022-06-25 22:28:38.925 | INFO     | FedUtils.fed.fedprox:train:36 - -- Log At Round 23 --
2022-06-25 22:28:52.337 | INFO     | FedUtils.fed.fedprox:train:42 - -- TEST RESULTS --
2022-06-25 22:28:52.338 | INFO     | FedUtils.models.utils:decode_stat:127 - Test_0 Accuracy: 0.5042884349822998
2022-06-25 22:28:52.338 | INFO     | FedUtils.models.utils:decode_stat:127 - Test_1 Accuracy: 0.47890910506248474
2022-06-25 22:28:52.338 | INFO     | FedUtils.fed.fedprox:train:44 - -- TRAIN RESULTS --
2022-06-25 22:28:52.339 | INFO     | FedUtils.models.utils:decode_stat:127 - Test_0 Accuracy: 0.5042884349822998
2022-06-25 22:28:52.339 | INFO     | FedUtils.models.utils:decode_stat:127 - Test_1 Accuracy: 0.47890910506248474
2022-06-25 22:35:39.787 | INFO     | FedUtils.fed.fedprox:train:36 - -- Log At Round 24 --
2022-06-25 22:35:53.505 | INFO     | FedUtils.fed.fedprox:train:42 - -- TEST RESULTS --
2022-06-25 22:35:53.506 | INFO     | FedUtils.models.utils:decode_stat:127 - Test_0 Accuracy: 0.5080740451812744
2022-06-25 22:35:53.506 | INFO     | FedUtils.models.utils:decode_stat:127 - Test_1 Accuracy: 0.4872727394104004
2022-06-25 22:35:53.506 | INFO     | FedUtils.fed.fedprox:train:44 - -- TRAIN RESULTS --
2022-06-25 22:35:53.506 | INFO     | FedUtils.models.utils:decode_stat:127 - Test_0 Accuracy: 0.5080740451812744
2022-06-25 22:35:53.507 | INFO     | FedUtils.models.utils:decode_stat:127 - Test_1 Accuracy: 0.4872727394104004
2022-06-25 22:37:05.103 | INFO     | FedUtils.fed.fedprox:train:36 - -- Log At Round 25 --
2022-06-25 22:37:20.530 | INFO     | FedUtils.fed.fedprox:train:42 - -- TEST RESULTS --
2022-06-25 22:37:20.530 | INFO     | FedUtils.models.utils:decode_stat:127 - Test_0 Accuracy: 0.5066692233085632
2022-06-25 22:37:20.530 | INFO     | FedUtils.models.utils:decode_stat:127 - Test_1 Accuracy: 0.4854545593261719
2022-06-25 22:37:20.530 | INFO     | FedUtils.fed.fedprox:train:44 - -- TRAIN RESULTS --
2022-06-25 22:37:20.531 | INFO     | FedUtils.models.utils:decode_stat:127 - Test_0 Accuracy: 0.5066692233085632
2022-06-25 22:37:20.531 | INFO     | FedUtils.models.utils:decode_stat:127 - Test_1 Accuracy: 0.4854545593261719
2022-06-25 22:45:54.570 | INFO     | FedUtils.fed.fedprox:train:36 - -- Log At Round 26 --
2022-06-25 22:46:09.344 | INFO     | FedUtils.fed.fedprox:train:42 - -- TEST RESULTS --
2022-06-25 22:46:09.345 | INFO     | FedUtils.models.utils:decode_stat:127 - Test_0 Accuracy: 0.5081923604011536
2022-06-25 22:46:09.345 | INFO     | FedUtils.models.utils:decode_stat:127 - Test_1 Accuracy: 0.4890909194946289
2022-06-25 22:46:09.346 | INFO     | FedUtils.fed.fedprox:train:44 - -- TRAIN RESULTS --
2022-06-25 22:46:09.346 | INFO     | FedUtils.models.utils:decode_stat:127 - Test_0 Accuracy: 0.5081923604011536
2022-06-25 22:46:09.346 | INFO     | FedUtils.models.utils:decode_stat:127 - Test_1 Accuracy: 0.4890909194946289
2022-06-25 22:48:08.138 | INFO     | FedUtils.fed.fedprox:train:36 - -- Log At Round 27 --
2022-06-25 22:48:21.392 | INFO     | FedUtils.fed.fedprox:train:42 - -- TEST RESULTS --
2022-06-25 22:48:21.393 | INFO     | FedUtils.models.utils:decode_stat:127 - Test_0 Accuracy: 0.5102773904800415
2022-06-25 22:48:21.393 | INFO     | FedUtils.models.utils:decode_stat:127 - Test_1 Accuracy: 0.4872727394104004
2022-06-25 22:48:21.393 | INFO     | FedUtils.fed.fedprox:train:44 - -- TRAIN RESULTS --
2022-06-25 22:48:21.393 | INFO     | FedUtils.models.utils:decode_stat:127 - Test_0 Accuracy: 0.5102773904800415
2022-06-25 22:48:21.394 | INFO     | FedUtils.models.utils:decode_stat:127 - Test_1 Accuracy: 0.4872727394104004
2022-06-25 22:52:36.234 | INFO     | FedUtils.fed.fedprox:train:36 - -- Log At Round 28 --
2022-06-25 22:52:51.101 | INFO     | FedUtils.fed.fedprox:train:42 - -- TEST RESULTS --
2022-06-25 22:52:51.101 | INFO     | FedUtils.models.utils:decode_stat:127 - Test_0 Accuracy: 0.5130279064178467
2022-06-25 22:52:51.101 | INFO     | FedUtils.models.utils:decode_stat:127 - Test_1 Accuracy: 0.48581817746162415
2022-06-25 22:52:51.102 | INFO     | FedUtils.fed.fedprox:train:44 - -- TRAIN RESULTS --
2022-06-25 22:52:51.102 | INFO     | FedUtils.models.utils:decode_stat:127 - Test_0 Accuracy: 0.5130279064178467
2022-06-25 22:52:51.102 | INFO     | FedUtils.models.utils:decode_stat:127 - Test_1 Accuracy: 0.48581817746162415
2022-06-25 22:54:56.585 | INFO     | FedUtils.fed.fedprox:train:36 - -- Log At Round 29 --
2022-06-25 22:55:10.297 | INFO     | FedUtils.fed.fedprox:train:42 - -- TEST RESULTS --
2022-06-25 22:55:10.298 | INFO     | FedUtils.models.utils:decode_stat:127 - Test_0 Accuracy: 0.5133680105209351
2022-06-25 22:55:10.298 | INFO     | FedUtils.models.utils:decode_stat:127 - Test_1 Accuracy: 0.49563637375831604
2022-06-25 22:55:10.298 | INFO     | FedUtils.fed.fedprox:train:44 - -- TRAIN RESULTS --
2022-06-25 22:55:10.298 | INFO     | FedUtils.models.utils:decode_stat:127 - Test_0 Accuracy: 0.5133680105209351
2022-06-25 22:55:10.298 | INFO     | FedUtils.models.utils:decode_stat:127 - Test_1 Accuracy: 0.49563637375831604
2022-06-25 23:03:13.008 | INFO     | FedUtils.fed.fedprox:train:36 - -- Log At Round 30 --
2022-06-25 23:03:25.938 | INFO     | FedUtils.fed.fedprox:train:42 - -- TEST RESULTS --
2022-06-25 23:03:25.939 | INFO     | FedUtils.models.utils:decode_stat:127 - Test_0 Accuracy: 0.5134419798851013
2022-06-25 23:03:25.939 | INFO     | FedUtils.models.utils:decode_stat:127 - Test_1 Accuracy: 0.49054545164108276
2022-06-25 23:03:25.939 | INFO     | FedUtils.fed.fedprox:train:44 - -- TRAIN RESULTS --
2022-06-25 23:03:25.939 | INFO     | FedUtils.models.utils:decode_stat:127 - Test_0 Accuracy: 0.5134419798851013
2022-06-25 23:03:25.940 | INFO     | FedUtils.models.utils:decode_stat:127 - Test_1 Accuracy: 0.49054545164108276
2022-06-25 23:08:54.339 | INFO     | FedUtils.fed.fedprox:train:36 - -- Log At Round 31 --
2022-06-25 23:09:08.532 | INFO     | FedUtils.fed.fedprox:train:42 - -- TEST RESULTS --
2022-06-25 23:09:08.532 | INFO     | FedUtils.models.utils:decode_stat:127 - Test_0 Accuracy: 0.5154531002044678
2022-06-25 23:09:08.532 | INFO     | FedUtils.models.utils:decode_stat:127 - Test_1 Accuracy: 0.49345454573631287
2022-06-25 23:09:08.532 | INFO     | FedUtils.fed.fedprox:train:44 - -- TRAIN RESULTS --
2022-06-25 23:09:08.533 | INFO     | FedUtils.models.utils:decode_stat:127 - Test_0 Accuracy: 0.5154531002044678
2022-06-25 23:09:08.533 | INFO     | FedUtils.models.utils:decode_stat:127 - Test_1 Accuracy: 0.49345454573631287
2022-06-25 23:18:32.050 | INFO     | FedUtils.fed.fedprox:train:36 - -- Log At Round 32 --
2022-06-25 23:18:45.359 | INFO     | FedUtils.fed.fedprox:train:42 - -- TEST RESULTS --
2022-06-25 23:18:45.359 | INFO     | FedUtils.models.utils:decode_stat:127 - Test_0 Accuracy: 0.5182183980941772
2022-06-25 23:18:45.359 | INFO     | FedUtils.models.utils:decode_stat:127 - Test_1 Accuracy: 0.503636360168457
2022-06-25 23:18:45.360 | INFO     | FedUtils.fed.fedprox:train:44 - -- TRAIN RESULTS --
2022-06-25 23:18:45.360 | INFO     | FedUtils.models.utils:decode_stat:127 - Test_0 Accuracy: 0.5182183980941772
2022-06-25 23:18:45.360 | INFO     | FedUtils.models.utils:decode_stat:127 - Test_1 Accuracy: 0.503636360168457
2022-06-25 23:23:38.450 | INFO     | FedUtils.fed.fedprox:train:36 - -- Log At Round 33 --
2022-06-25 23:23:52.302 | INFO     | FedUtils.fed.fedprox:train:42 - -- TEST RESULTS --
2022-06-25 23:23:52.303 | INFO     | FedUtils.models.utils:decode_stat:127 - Test_0 Accuracy: 0.5181296467781067
2022-06-25 23:23:52.303 | INFO     | FedUtils.models.utils:decode_stat:127 - Test_1 Accuracy: 0.5050908923149109
2022-06-25 23:23:52.303 | INFO     | FedUtils.fed.fedprox:train:44 - -- TRAIN RESULTS --
2022-06-25 23:23:52.303 | INFO     | FedUtils.models.utils:decode_stat:127 - Test_0 Accuracy: 0.5181296467781067
2022-06-25 23:23:52.304 | INFO     | FedUtils.models.utils:decode_stat:127 - Test_1 Accuracy: 0.5050908923149109
2022-06-25 23:28:31.816 | INFO     | FedUtils.fed.fedprox:train:36 - -- Log At Round 34 --
2022-06-25 23:28:45.003 | INFO     | FedUtils.fed.fedprox:train:42 - -- TEST RESULTS --
2022-06-25 23:28:45.004 | INFO     | FedUtils.models.utils:decode_stat:127 - Test_0 Accuracy: 0.5179226398468018
2022-06-25 23:28:45.004 | INFO     | FedUtils.models.utils:decode_stat:127 - Test_1 Accuracy: 0.4978181719779968
2022-06-25 23:28:45.004 | INFO     | FedUtils.fed.fedprox:train:44 - -- TRAIN RESULTS --
2022-06-25 23:28:45.004 | INFO     | FedUtils.models.utils:decode_stat:127 - Test_0 Accuracy: 0.5179226398468018
2022-06-25 23:28:45.005 | INFO     | FedUtils.models.utils:decode_stat:127 - Test_1 Accuracy: 0.4978181719779968
2022-06-25 23:33:49.853 | INFO     | FedUtils.fed.fedprox:train:36 - -- Log At Round 35 --
2022-06-25 23:34:04.367 | INFO     | FedUtils.fed.fedprox:train:42 - -- TEST RESULTS --
2022-06-25 23:34:04.367 | INFO     | FedUtils.models.utils:decode_stat:127 - Test_0 Accuracy: 0.5190908312797546
2022-06-25 23:34:04.367 | INFO     | FedUtils.models.utils:decode_stat:127 - Test_1 Accuracy: 0.49563637375831604
2022-06-25 23:34:04.367 | INFO     | FedUtils.fed.fedprox:train:44 - -- TRAIN RESULTS --
2022-06-25 23:34:04.368 | INFO     | FedUtils.models.utils:decode_stat:127 - Test_0 Accuracy: 0.5190908312797546
2022-06-25 23:34:04.368 | INFO     | FedUtils.models.utils:decode_stat:127 - Test_1 Accuracy: 0.49563637375831604
2022-06-25 23:36:15.145 | INFO     | FedUtils.fed.fedprox:train:36 - -- Log At Round 36 --
2022-06-25 23:36:30.345 | INFO     | FedUtils.fed.fedprox:train:42 - -- TEST RESULTS --
2022-06-25 23:36:30.345 | INFO     | FedUtils.models.utils:decode_stat:127 - Test_0 Accuracy: 0.5194013714790344
2022-06-25 23:36:30.345 | INFO     | FedUtils.models.utils:decode_stat:127 - Test_1 Accuracy: 0.49672725796699524
2022-06-25 23:36:30.345 | INFO     | FedUtils.fed.fedprox:train:44 - -- TRAIN RESULTS --
2022-06-25 23:36:30.346 | INFO     | FedUtils.models.utils:decode_stat:127 - Test_0 Accuracy: 0.5194013714790344
2022-06-25 23:36:30.346 | INFO     | FedUtils.models.utils:decode_stat:127 - Test_1 Accuracy: 0.49672725796699524
2022-06-25 23:42:38.940 | INFO     | FedUtils.fed.fedprox:train:36 - -- Log At Round 37 --
2022-06-25 23:42:52.148 | INFO     | FedUtils.fed.fedprox:train:42 - -- TEST RESULTS --
2022-06-25 23:42:52.149 | INFO     | FedUtils.models.utils:decode_stat:127 - Test_0 Accuracy: 0.5181000828742981
2022-06-25 23:42:52.149 | INFO     | FedUtils.models.utils:decode_stat:127 - Test_1 Accuracy: 0.49054545164108276
2022-06-25 23:42:52.149 | INFO     | FedUtils.fed.fedprox:train:44 - -- TRAIN RESULTS --
2022-06-25 23:42:52.149 | INFO     | FedUtils.models.utils:decode_stat:127 - Test_0 Accuracy: 0.5181000828742981
2022-06-25 23:42:52.150 | INFO     | FedUtils.models.utils:decode_stat:127 - Test_1 Accuracy: 0.49054545164108276
2022-06-25 23:47:46.589 | INFO     | FedUtils.fed.fedprox:train:36 - -- Log At Round 38 --
2022-06-25 23:47:53.666 | INFO     | FedUtils.fed.fedprox:train:42 - -- TEST RESULTS --
2022-06-25 23:47:53.666 | INFO     | FedUtils.models.utils:decode_stat:127 - Test_0 Accuracy: 0.5212942361831665
2022-06-25 23:47:53.667 | INFO     | FedUtils.models.utils:decode_stat:127 - Test_1 Accuracy: 0.4941818118095398
2022-06-25 23:47:53.667 | INFO     | FedUtils.fed.fedprox:train:44 - -- TRAIN RESULTS --
2022-06-25 23:47:53.667 | INFO     | FedUtils.models.utils:decode_stat:127 - Test_0 Accuracy: 0.5212942361831665
2022-06-25 23:47:53.667 | INFO     | FedUtils.models.utils:decode_stat:127 - Test_1 Accuracy: 0.4941818118095398
2022-06-25 23:49:51.640 | INFO     | FedUtils.fed.fedprox:train:36 - -- Log At Round 39 --
2022-06-25 23:49:59.331 | INFO     | FedUtils.fed.fedprox:train:42 - -- TEST RESULTS --
2022-06-25 23:49:59.331 | INFO     | FedUtils.models.utils:decode_stat:127 - Test_0 Accuracy: 0.52040696144104
2022-06-25 23:49:59.332 | INFO     | FedUtils.models.utils:decode_stat:127 - Test_1 Accuracy: 0.4912727177143097
2022-06-25 23:49:59.332 | INFO     | FedUtils.fed.fedprox:train:44 - -- TRAIN RESULTS --
2022-06-25 23:49:59.332 | INFO     | FedUtils.models.utils:decode_stat:127 - Test_0 Accuracy: 0.52040696144104
2022-06-25 23:49:59.332 | INFO     | FedUtils.models.utils:decode_stat:127 - Test_1 Accuracy: 0.4912727177143097
2022-06-25 23:52:00.575 | INFO     | FedUtils.fed.fedprox:train:36 - -- Log At Round 40 --
2022-06-25 23:52:08.090 | INFO     | FedUtils.fed.fedprox:train:42 - -- TEST RESULTS --
2022-06-25 23:52:08.090 | INFO     | FedUtils.models.utils:decode_stat:127 - Test_0 Accuracy: 0.5191795825958252
2022-06-25 23:52:08.090 | INFO     | FedUtils.models.utils:decode_stat:127 - Test_1 Accuracy: 0.4850909113883972
2022-06-25 23:52:08.091 | INFO     | FedUtils.fed.fedprox:train:44 - -- TRAIN RESULTS --
2022-06-25 23:52:08.091 | INFO     | FedUtils.models.utils:decode_stat:127 - Test_0 Accuracy: 0.5191795825958252
2022-06-25 23:52:08.091 | INFO     | FedUtils.models.utils:decode_stat:127 - Test_1 Accuracy: 0.4850909113883972
2022-06-25 23:54:01.704 | INFO     | FedUtils.fed.fedprox:train:36 - -- Log At Round 41 --
2022-06-25 23:54:09.381 | INFO     | FedUtils.fed.fedprox:train:42 - -- TEST RESULTS --
2022-06-25 23:54:09.381 | INFO     | FedUtils.models.utils:decode_stat:127 - Test_0 Accuracy: 0.5203034281730652
2022-06-25 23:54:09.381 | INFO     | FedUtils.models.utils:decode_stat:127 - Test_1 Accuracy: 0.49163636565208435
2022-06-25 23:54:09.381 | INFO     | FedUtils.fed.fedprox:train:44 - -- TRAIN RESULTS --
2022-06-25 23:54:09.382 | INFO     | FedUtils.models.utils:decode_stat:127 - Test_0 Accuracy: 0.5203034281730652
2022-06-25 23:54:09.382 | INFO     | FedUtils.models.utils:decode_stat:127 - Test_1 Accuracy: 0.49163636565208435
2022-06-25 23:58:41.270 | INFO     | FedUtils.fed.fedprox:train:36 - -- Log At Round 42 --
2022-06-25 23:58:48.937 | INFO     | FedUtils.fed.fedprox:train:42 - -- TEST RESULTS --
2022-06-25 23:58:48.937 | INFO     | FedUtils.models.utils:decode_stat:127 - Test_0 Accuracy: 0.5205696225166321
2022-06-25 23:58:48.937 | INFO     | FedUtils.models.utils:decode_stat:127 - Test_1 Accuracy: 0.4959999918937683
2022-06-25 23:58:48.938 | INFO     | FedUtils.fed.fedprox:train:44 - -- TRAIN RESULTS --
2022-06-25 23:58:48.938 | INFO     | FedUtils.models.utils:decode_stat:127 - Test_0 Accuracy: 0.5205696225166321
2022-06-25 23:58:48.938 | INFO     | FedUtils.models.utils:decode_stat:127 - Test_1 Accuracy: 0.4959999918937683
2022-06-26 00:05:09.703 | INFO     | FedUtils.fed.fedprox:train:36 - -- Log At Round 43 --
2022-06-26 00:05:17.179 | INFO     | FedUtils.fed.fedprox:train:42 - -- TEST RESULTS --
2022-06-26 00:05:17.180 | INFO     | FedUtils.models.utils:decode_stat:127 - Test_0 Accuracy: 0.5243108868598938
2022-06-26 00:05:17.180 | INFO     | FedUtils.models.utils:decode_stat:127 - Test_1 Accuracy: 0.503636360168457
2022-06-26 00:05:17.180 | INFO     | FedUtils.fed.fedprox:train:44 - -- TRAIN RESULTS --
2022-06-26 00:05:17.180 | INFO     | FedUtils.models.utils:decode_stat:127 - Test_0 Accuracy: 0.5243108868598938
2022-06-26 00:05:17.180 | INFO     | FedUtils.models.utils:decode_stat:127 - Test_1 Accuracy: 0.503636360168457
2022-06-26 00:11:07.967 | INFO     | FedUtils.fed.fedprox:train:36 - -- Log At Round 44 --
2022-06-26 00:11:15.137 | INFO     | FedUtils.fed.fedprox:train:42 - -- TEST RESULTS --
2022-06-26 00:11:15.137 | INFO     | FedUtils.models.utils:decode_stat:127 - Test_0 Accuracy: 0.5233940482139587
2022-06-26 00:11:15.138 | INFO     | FedUtils.models.utils:decode_stat:127 - Test_1 Accuracy: 0.5069090723991394
2022-06-26 00:11:15.138 | INFO     | FedUtils.fed.fedprox:train:44 - -- TRAIN RESULTS --
2022-06-26 00:11:15.138 | INFO     | FedUtils.models.utils:decode_stat:127 - Test_0 Accuracy: 0.5233940482139587
2022-06-26 00:11:15.138 | INFO     | FedUtils.models.utils:decode_stat:127 - Test_1 Accuracy: 0.5069090723991394
2022-06-26 00:14:59.471 | INFO     | FedUtils.fed.fedprox:train:36 - -- Log At Round 45 --
2022-06-26 00:15:06.776 | INFO     | FedUtils.fed.fedprox:train:42 - -- TEST RESULTS --
2022-06-26 00:15:06.777 | INFO     | FedUtils.models.utils:decode_stat:127 - Test_0 Accuracy: 0.5234384536743164
2022-06-26 00:15:06.777 | INFO     | FedUtils.models.utils:decode_stat:127 - Test_1 Accuracy: 0.4923636317253113
2022-06-26 00:15:06.777 | INFO     | FedUtils.fed.fedprox:train:44 - -- TRAIN RESULTS --
2022-06-26 00:15:06.777 | INFO     | FedUtils.models.utils:decode_stat:127 - Test_0 Accuracy: 0.5234384536743164
2022-06-26 00:15:06.777 | INFO     | FedUtils.models.utils:decode_stat:127 - Test_1 Accuracy: 0.4923636317253113
2022-06-26 00:17:46.771 | INFO     | FedUtils.fed.fedprox:train:36 - -- Log At Round 46 --
2022-06-26 00:17:53.833 | INFO     | FedUtils.fed.fedprox:train:42 - -- TEST RESULTS --
2022-06-26 00:17:53.833 | INFO     | FedUtils.models.utils:decode_stat:127 - Test_0 Accuracy: 0.5232757329940796
2022-06-26 00:17:53.834 | INFO     | FedUtils.models.utils:decode_stat:127 - Test_1 Accuracy: 0.5010908842086792
2022-06-26 00:17:53.834 | INFO     | FedUtils.fed.fedprox:train:44 - -- TRAIN RESULTS --
2022-06-26 00:17:53.834 | INFO     | FedUtils.models.utils:decode_stat:127 - Test_0 Accuracy: 0.5232757329940796
2022-06-26 00:17:53.834 | INFO     | FedUtils.models.utils:decode_stat:127 - Test_1 Accuracy: 0.5010908842086792
2022-06-26 00:22:52.222 | INFO     | FedUtils.fed.fedprox:train:36 - -- Log At Round 47 --
2022-06-26 00:22:59.431 | INFO     | FedUtils.fed.fedprox:train:42 - -- TEST RESULTS --
2022-06-26 00:22:59.431 | INFO     | FedUtils.models.utils:decode_stat:127 - Test_0 Accuracy: 0.5224180817604065
2022-06-26 00:22:59.432 | INFO     | FedUtils.models.utils:decode_stat:127 - Test_1 Accuracy: 0.4909090995788574
2022-06-26 00:22:59.432 | INFO     | FedUtils.fed.fedprox:train:44 - -- TRAIN RESULTS --
2022-06-26 00:22:59.432 | INFO     | FedUtils.models.utils:decode_stat:127 - Test_0 Accuracy: 0.5224180817604065
2022-06-26 00:22:59.432 | INFO     | FedUtils.models.utils:decode_stat:127 - Test_1 Accuracy: 0.4909090995788574
2022-06-26 00:25:59.120 | INFO     | FedUtils.fed.fedprox:train:36 - -- Log At Round 48 --
2022-06-26 00:26:06.271 | INFO     | FedUtils.fed.fedprox:train:42 - -- TEST RESULTS --
2022-06-26 00:26:06.271 | INFO     | FedUtils.models.utils:decode_stat:127 - Test_0 Accuracy: 0.5250355005264282
2022-06-26 00:26:06.272 | INFO     | FedUtils.models.utils:decode_stat:127 - Test_1 Accuracy: 0.5021818280220032
2022-06-26 00:26:06.272 | INFO     | FedUtils.fed.fedprox:train:44 - -- TRAIN RESULTS --
2022-06-26 00:26:06.272 | INFO     | FedUtils.models.utils:decode_stat:127 - Test_0 Accuracy: 0.5250355005264282
2022-06-26 00:26:06.272 | INFO     | FedUtils.models.utils:decode_stat:127 - Test_1 Accuracy: 0.5021818280220032
2022-06-26 00:28:23.595 | INFO     | FedUtils.fed.fedprox:train:36 - -- Log At Round 49 --
2022-06-26 00:28:31.002 | INFO     | FedUtils.fed.fedprox:train:42 - -- TEST RESULTS --
2022-06-26 00:28:31.003 | INFO     | FedUtils.models.utils:decode_stat:127 - Test_0 Accuracy: 0.5250207185745239
2022-06-26 00:28:31.003 | INFO     | FedUtils.models.utils:decode_stat:127 - Test_1 Accuracy: 0.5010908842086792
2022-06-26 00:28:31.003 | INFO     | FedUtils.fed.fedprox:train:44 - -- TRAIN RESULTS --
2022-06-26 00:28:31.003 | INFO     | FedUtils.models.utils:decode_stat:127 - Test_0 Accuracy: 0.5250207185745239
2022-06-26 00:28:31.003 | INFO     | FedUtils.models.utils:decode_stat:127 - Test_1 Accuracy: 0.5010908842086792
2022-06-26 00:32:49.638 | INFO     | FedUtils.fed.fedprox:train:36 - -- Log At Round 50 --
2022-06-26 00:32:56.359 | INFO     | FedUtils.fed.fedprox:train:42 - -- TEST RESULTS --
2022-06-26 00:32:56.360 | INFO     | FedUtils.models.utils:decode_stat:127 - Test_0 Accuracy: 0.5255234837532043
2022-06-26 00:32:56.360 | INFO     | FedUtils.models.utils:decode_stat:127 - Test_1 Accuracy: 0.49745455384254456
2022-06-26 00:32:56.360 | INFO     | FedUtils.fed.fedprox:train:44 - -- TRAIN RESULTS --
2022-06-26 00:32:56.360 | INFO     | FedUtils.models.utils:decode_stat:127 - Test_0 Accuracy: 0.5255234837532043
2022-06-26 00:32:56.360 | INFO     | FedUtils.models.utils:decode_stat:127 - Test_1 Accuracy: 0.49745455384254456
2022-06-26 00:36:53.213 | INFO     | FedUtils.fed.fedprox:train:36 - -- Log At Round 51 --
2022-06-26 00:36:59.975 | INFO     | FedUtils.fed.fedprox:train:42 - -- TEST RESULTS --
2022-06-26 00:36:59.975 | INFO     | FedUtils.models.utils:decode_stat:127 - Test_0 Accuracy: 0.5271353125572205
2022-06-26 00:36:59.975 | INFO     | FedUtils.models.utils:decode_stat:127 - Test_1 Accuracy: 0.5058181881904602
2022-06-26 00:36:59.976 | INFO     | FedUtils.fed.fedprox:train:44 - -- TRAIN RESULTS --
2022-06-26 00:36:59.976 | INFO     | FedUtils.models.utils:decode_stat:127 - Test_0 Accuracy: 0.5271353125572205
2022-06-26 00:36:59.976 | INFO     | FedUtils.models.utils:decode_stat:127 - Test_1 Accuracy: 0.5058181881904602
2022-06-26 00:39:05.423 | INFO     | FedUtils.fed.fedprox:train:36 - -- Log At Round 52 --
2022-06-26 00:39:12.205 | INFO     | FedUtils.fed.fedprox:train:42 - -- TEST RESULTS --
2022-06-26 00:39:12.205 | INFO     | FedUtils.models.utils:decode_stat:127 - Test_0 Accuracy: 0.5255973935127258
2022-06-26 00:39:12.205 | INFO     | FedUtils.models.utils:decode_stat:127 - Test_1 Accuracy: 0.4981818199157715
2022-06-26 00:39:12.206 | INFO     | FedUtils.fed.fedprox:train:44 - -- TRAIN RESULTS --
2022-06-26 00:39:12.206 | INFO     | FedUtils.models.utils:decode_stat:127 - Test_0 Accuracy: 0.5255973935127258
2022-06-26 00:39:12.206 | INFO     | FedUtils.models.utils:decode_stat:127 - Test_1 Accuracy: 0.4981818199157715
2022-06-26 00:44:11.711 | INFO     | FedUtils.fed.fedprox:train:36 - -- Log At Round 53 --
2022-06-26 00:44:18.733 | INFO     | FedUtils.fed.fedprox:train:42 - -- TEST RESULTS --
2022-06-26 00:44:18.734 | INFO     | FedUtils.models.utils:decode_stat:127 - Test_0 Accuracy: 0.5283183455467224
2022-06-26 00:44:18.734 | INFO     | FedUtils.models.utils:decode_stat:127 - Test_1 Accuracy: 0.5050908923149109
2022-06-26 00:44:18.734 | INFO     | FedUtils.fed.fedprox:train:44 - -- TRAIN RESULTS --
2022-06-26 00:44:18.734 | INFO     | FedUtils.models.utils:decode_stat:127 - Test_0 Accuracy: 0.5283183455467224
2022-06-26 00:44:18.735 | INFO     | FedUtils.models.utils:decode_stat:127 - Test_1 Accuracy: 0.5050908923149109
2022-06-26 00:46:09.770 | INFO     | FedUtils.fed.fedprox:train:36 - -- Log At Round 54 --
2022-06-26 00:46:17.361 | INFO     | FedUtils.fed.fedprox:train:42 - -- TEST RESULTS --
2022-06-26 00:46:17.362 | INFO     | FedUtils.models.utils:decode_stat:127 - Test_0 Accuracy: 0.5255826115608215
2022-06-26 00:46:17.362 | INFO     | FedUtils.models.utils:decode_stat:127 - Test_1 Accuracy: 0.5050908923149109
2022-06-26 00:46:17.362 | INFO     | FedUtils.fed.fedprox:train:44 - -- TRAIN RESULTS --
2022-06-26 00:46:17.362 | INFO     | FedUtils.models.utils:decode_stat:127 - Test_0 Accuracy: 0.5255826115608215
2022-06-26 00:46:17.362 | INFO     | FedUtils.models.utils:decode_stat:127 - Test_1 Accuracy: 0.5050908923149109
2022-06-26 00:49:44.692 | INFO     | FedUtils.fed.fedprox:train:36 - -- Log At Round 55 --
2022-06-26 00:49:53.983 | INFO     | FedUtils.fed.fedprox:train:42 - -- TEST RESULTS --
2022-06-26 00:49:53.984 | INFO     | FedUtils.models.utils:decode_stat:127 - Test_0 Accuracy: 0.5275346040725708
2022-06-26 00:49:53.984 | INFO     | FedUtils.models.utils:decode_stat:127 - Test_1 Accuracy: 0.49854546785354614
2022-06-26 00:49:53.984 | INFO     | FedUtils.fed.fedprox:train:44 - -- TRAIN RESULTS --
2022-06-26 00:49:53.984 | INFO     | FedUtils.models.utils:decode_stat:127 - Test_0 Accuracy: 0.5275346040725708
2022-06-26 00:49:53.984 | INFO     | FedUtils.models.utils:decode_stat:127 - Test_1 Accuracy: 0.49854546785354614
2022-06-26 00:51:03.645 | INFO     | FedUtils.fed.fedprox:train:36 - -- Log At Round 56 --
2022-06-26 00:51:10.779 | INFO     | FedUtils.fed.fedprox:train:42 - -- TEST RESULTS --
2022-06-26 00:51:10.780 | INFO     | FedUtils.models.utils:decode_stat:127 - Test_0 Accuracy: 0.5266473293304443
2022-06-26 00:51:10.780 | INFO     | FedUtils.models.utils:decode_stat:127 - Test_1 Accuracy: 0.49963635206222534
2022-06-26 00:51:10.780 | INFO     | FedUtils.fed.fedprox:train:44 - -- TRAIN RESULTS --
2022-06-26 00:51:10.780 | INFO     | FedUtils.models.utils:decode_stat:127 - Test_0 Accuracy: 0.5266473293304443
2022-06-26 00:51:10.780 | INFO     | FedUtils.models.utils:decode_stat:127 - Test_1 Accuracy: 0.49963635206222534
2022-06-26 00:53:14.565 | INFO     | FedUtils.fed.fedprox:train:36 - -- Log At Round 57 --
2022-06-26 00:53:21.705 | INFO     | FedUtils.fed.fedprox:train:42 - -- TEST RESULTS --
2022-06-26 00:53:21.706 | INFO     | FedUtils.models.utils:decode_stat:127 - Test_0 Accuracy: 0.5297527313232422
2022-06-26 00:53:21.706 | INFO     | FedUtils.models.utils:decode_stat:127 - Test_1 Accuracy: 0.5054545402526855
2022-06-26 00:53:21.706 | INFO     | FedUtils.fed.fedprox:train:44 - -- TRAIN RESULTS --
2022-06-26 00:53:21.706 | INFO     | FedUtils.models.utils:decode_stat:127 - Test_0 Accuracy: 0.5297527313232422
2022-06-26 00:53:21.707 | INFO     | FedUtils.models.utils:decode_stat:127 - Test_1 Accuracy: 0.5054545402526855
2022-06-26 00:54:38.145 | INFO     | FedUtils.fed.fedprox:train:36 - -- Log At Round 58 --
2022-06-26 00:54:45.296 | INFO     | FedUtils.fed.fedprox:train:42 - -- TEST RESULTS --
2022-06-26 00:54:45.297 | INFO     | FedUtils.models.utils:decode_stat:127 - Test_0 Accuracy: 0.527978241443634
2022-06-26 00:54:45.297 | INFO     | FedUtils.models.utils:decode_stat:127 - Test_1 Accuracy: 0.5021818280220032
2022-06-26 00:54:45.297 | INFO     | FedUtils.fed.fedprox:train:44 - -- TRAIN RESULTS --
2022-06-26 00:54:45.297 | INFO     | FedUtils.models.utils:decode_stat:127 - Test_0 Accuracy: 0.527978241443634
2022-06-26 00:54:45.297 | INFO     | FedUtils.models.utils:decode_stat:127 - Test_1 Accuracy: 0.5021818280220032
2022-06-26 00:56:43.307 | INFO     | FedUtils.fed.fedprox:train:36 - -- Log At Round 59 --
2022-06-26 00:56:51.709 | INFO     | FedUtils.fed.fedprox:train:42 - -- TEST RESULTS --
2022-06-26 00:56:51.710 | INFO     | FedUtils.models.utils:decode_stat:127 - Test_0 Accuracy: 0.5281113386154175
2022-06-26 00:56:51.710 | INFO     | FedUtils.models.utils:decode_stat:127 - Test_1 Accuracy: 0.49672725796699524
2022-06-26 00:56:51.710 | INFO     | FedUtils.fed.fedprox:train:44 - -- TRAIN RESULTS --
2022-06-26 00:56:51.710 | INFO     | FedUtils.models.utils:decode_stat:127 - Test_0 Accuracy: 0.5281113386154175
2022-06-26 00:56:51.710 | INFO     | FedUtils.models.utils:decode_stat:127 - Test_1 Accuracy: 0.49672725796699524
2022-06-26 01:02:13.055 | INFO     | FedUtils.fed.fedprox:train:36 - -- Log At Round 60 --
2022-06-26 01:02:20.190 | INFO     | FedUtils.fed.fedprox:train:42 - -- TEST RESULTS --
2022-06-26 01:02:20.191 | INFO     | FedUtils.models.utils:decode_stat:127 - Test_0 Accuracy: 0.5316307544708252
2022-06-26 01:02:20.191 | INFO     | FedUtils.models.utils:decode_stat:127 - Test_1 Accuracy: 0.5043636560440063
2022-06-26 01:02:20.191 | INFO     | FedUtils.fed.fedprox:train:44 - -- TRAIN RESULTS --
2022-06-26 01:02:20.191 | INFO     | FedUtils.models.utils:decode_stat:127 - Test_0 Accuracy: 0.5316307544708252
2022-06-26 01:02:20.192 | INFO     | FedUtils.models.utils:decode_stat:127 - Test_1 Accuracy: 0.5043636560440063
2022-06-26 01:10:53.661 | INFO     | FedUtils.fed.fedprox:train:36 - -- Log At Round 61 --
2022-06-26 01:11:00.798 | INFO     | FedUtils.fed.fedprox:train:42 - -- TEST RESULTS --
2022-06-26 01:11:00.798 | INFO     | FedUtils.models.utils:decode_stat:127 - Test_0 Accuracy: 0.5329616665840149
2022-06-26 01:11:00.798 | INFO     | FedUtils.models.utils:decode_stat:127 - Test_1 Accuracy: 0.4970909059047699
2022-06-26 01:11:00.798 | INFO     | FedUtils.fed.fedprox:train:44 - -- TRAIN RESULTS --
2022-06-26 01:11:00.799 | INFO     | FedUtils.models.utils:decode_stat:127 - Test_0 Accuracy: 0.5329616665840149
2022-06-26 01:11:00.799 | INFO     | FedUtils.models.utils:decode_stat:127 - Test_1 Accuracy: 0.4970909059047699
2022-06-26 01:15:15.731 | INFO     | FedUtils.fed.fedprox:train:36 - -- Log At Round 62 --
2022-06-26 01:15:22.868 | INFO     | FedUtils.fed.fedprox:train:42 - -- TEST RESULTS --
2022-06-26 01:15:22.869 | INFO     | FedUtils.models.utils:decode_stat:127 - Test_0 Accuracy: 0.530063271522522
2022-06-26 01:15:22.869 | INFO     | FedUtils.models.utils:decode_stat:127 - Test_1 Accuracy: 0.5054545402526855
2022-06-26 01:15:22.869 | INFO     | FedUtils.fed.fedprox:train:44 - -- TRAIN RESULTS --
2022-06-26 01:15:22.869 | INFO     | FedUtils.models.utils:decode_stat:127 - Test_0 Accuracy: 0.530063271522522
2022-06-26 01:15:22.869 | INFO     | FedUtils.models.utils:decode_stat:127 - Test_1 Accuracy: 0.5054545402526855
2022-06-26 01:17:19.943 | INFO     | FedUtils.fed.fedprox:train:36 - -- Log At Round 63 --
2022-06-26 01:17:28.176 | INFO     | FedUtils.fed.fedprox:train:42 - -- TEST RESULTS --
2022-06-26 01:17:28.176 | INFO     | FedUtils.models.utils:decode_stat:127 - Test_0 Accuracy: 0.5309505462646484
2022-06-26 01:17:28.176 | INFO     | FedUtils.models.utils:decode_stat:127 - Test_1 Accuracy: 0.5021818280220032
2022-06-26 01:17:28.177 | INFO     | FedUtils.fed.fedprox:train:44 - -- TRAIN RESULTS --
2022-06-26 01:17:28.177 | INFO     | FedUtils.models.utils:decode_stat:127 - Test_0 Accuracy: 0.5309505462646484
2022-06-26 01:17:28.177 | INFO     | FedUtils.models.utils:decode_stat:127 - Test_1 Accuracy: 0.5021818280220032
2022-06-26 01:21:30.623 | INFO     | FedUtils.fed.fedprox:train:36 - -- Log At Round 64 --
2022-06-26 01:21:39.017 | INFO     | FedUtils.fed.fedprox:train:42 - -- TEST RESULTS --
2022-06-26 01:21:39.017 | INFO     | FedUtils.models.utils:decode_stat:127 - Test_0 Accuracy: 0.531941294670105
2022-06-26 01:21:39.017 | INFO     | FedUtils.models.utils:decode_stat:127 - Test_1 Accuracy: 0.5040000081062317
2022-06-26 01:21:39.018 | INFO     | FedUtils.fed.fedprox:train:44 - -- TRAIN RESULTS --
2022-06-26 01:21:39.018 | INFO     | FedUtils.models.utils:decode_stat:127 - Test_0 Accuracy: 0.531941294670105
2022-06-26 01:21:39.018 | INFO     | FedUtils.models.utils:decode_stat:127 - Test_1 Accuracy: 0.5040000081062317
2022-06-26 01:25:01.172 | INFO     | FedUtils.fed.fedprox:train:36 - -- Log At Round 65 --
2022-06-26 01:25:09.544 | INFO     | FedUtils.fed.fedprox:train:42 - -- TEST RESULTS --
2022-06-26 01:25:09.545 | INFO     | FedUtils.models.utils:decode_stat:127 - Test_0 Accuracy: 0.5323701500892639
2022-06-26 01:25:09.545 | INFO     | FedUtils.models.utils:decode_stat:127 - Test_1 Accuracy: 0.5029090642929077
2022-06-26 01:25:09.545 | INFO     | FedUtils.fed.fedprox:train:44 - -- TRAIN RESULTS --
2022-06-26 01:25:09.545 | INFO     | FedUtils.models.utils:decode_stat:127 - Test_0 Accuracy: 0.5323701500892639
2022-06-26 01:25:09.546 | INFO     | FedUtils.models.utils:decode_stat:127 - Test_1 Accuracy: 0.5029090642929077
2022-06-26 01:27:19.354 | INFO     | FedUtils.fed.fedprox:train:36 - -- Log At Round 66 --
2022-06-26 01:27:26.809 | INFO     | FedUtils.fed.fedprox:train:42 - -- TEST RESULTS --
2022-06-26 01:27:26.809 | INFO     | FedUtils.models.utils:decode_stat:127 - Test_0 Accuracy: 0.5311871767044067
2022-06-26 01:27:26.809 | INFO     | FedUtils.models.utils:decode_stat:127 - Test_1 Accuracy: 0.5069090723991394
2022-06-26 01:27:26.809 | INFO     | FedUtils.fed.fedprox:train:44 - -- TRAIN RESULTS --
2022-06-26 01:27:26.809 | INFO     | FedUtils.models.utils:decode_stat:127 - Test_0 Accuracy: 0.5311871767044067
2022-06-26 01:27:26.810 | INFO     | FedUtils.models.utils:decode_stat:127 - Test_1 Accuracy: 0.5069090723991394
2022-06-26 01:28:49.277 | INFO     | FedUtils.fed.fedprox:train:36 - -- Log At Round 67 --
2022-06-26 01:28:56.403 | INFO     | FedUtils.fed.fedprox:train:42 - -- TEST RESULTS --
2022-06-26 01:28:56.403 | INFO     | FedUtils.models.utils:decode_stat:127 - Test_0 Accuracy: 0.5275641679763794
2022-06-26 01:28:56.404 | INFO     | FedUtils.models.utils:decode_stat:127 - Test_1 Accuracy: 0.503636360168457
2022-06-26 01:28:56.404 | INFO     | FedUtils.fed.fedprox:train:44 - -- TRAIN RESULTS --
2022-06-26 01:28:56.404 | INFO     | FedUtils.models.utils:decode_stat:127 - Test_0 Accuracy: 0.5275641679763794
2022-06-26 01:28:56.404 | INFO     | FedUtils.models.utils:decode_stat:127 - Test_1 Accuracy: 0.503636360168457
2022-06-26 01:32:57.986 | INFO     | FedUtils.fed.fedprox:train:36 - -- Log At Round 68 --
2022-06-26 01:33:05.041 | INFO     | FedUtils.fed.fedprox:train:42 - -- TEST RESULTS --
2022-06-26 01:33:05.041 | INFO     | FedUtils.models.utils:decode_stat:127 - Test_0 Accuracy: 0.5348544716835022
2022-06-26 01:33:05.041 | INFO     | FedUtils.models.utils:decode_stat:127 - Test_1 Accuracy: 0.512363612651825
2022-06-26 01:33:05.042 | INFO     | FedUtils.fed.fedprox:train:44 - -- TRAIN RESULTS --
2022-06-26 01:33:05.042 | INFO     | FedUtils.models.utils:decode_stat:127 - Test_0 Accuracy: 0.5348544716835022
2022-06-26 01:33:05.042 | INFO     | FedUtils.models.utils:decode_stat:127 - Test_1 Accuracy: 0.512363612651825
2022-06-26 01:38:07.118 | INFO     | FedUtils.fed.fedprox:train:36 - -- Log At Round 69 --
2022-06-26 01:38:15.680 | INFO     | FedUtils.fed.fedprox:train:42 - -- TEST RESULTS --
2022-06-26 01:38:15.680 | INFO     | FedUtils.models.utils:decode_stat:127 - Test_0 Accuracy: 0.5350023508071899
2022-06-26 01:38:15.680 | INFO     | FedUtils.models.utils:decode_stat:127 - Test_1 Accuracy: 0.5072727203369141
2022-06-26 01:38:15.680 | INFO     | FedUtils.fed.fedprox:train:44 - -- TRAIN RESULTS --
2022-06-26 01:38:15.681 | INFO     | FedUtils.models.utils:decode_stat:127 - Test_0 Accuracy: 0.5350023508071899
2022-06-26 01:38:15.681 | INFO     | FedUtils.models.utils:decode_stat:127 - Test_1 Accuracy: 0.5072727203369141
2022-06-26 01:40:28.662 | INFO     | FedUtils.fed.fedprox:train:36 - -- Log At Round 70 --
2022-06-26 01:40:35.631 | INFO     | FedUtils.fed.fedprox:train:42 - -- TEST RESULTS --
2022-06-26 01:40:35.632 | INFO     | FedUtils.models.utils:decode_stat:127 - Test_0 Accuracy: 0.5333165526390076
2022-06-26 01:40:35.632 | INFO     | FedUtils.models.utils:decode_stat:127 - Test_1 Accuracy: 0.5
2022-06-26 01:40:35.632 | INFO     | FedUtils.fed.fedprox:train:44 - -- TRAIN RESULTS --
2022-06-26 01:40:35.632 | INFO     | FedUtils.models.utils:decode_stat:127 - Test_0 Accuracy: 0.5333165526390076
2022-06-26 01:40:35.633 | INFO     | FedUtils.models.utils:decode_stat:127 - Test_1 Accuracy: 0.5
2022-06-26 01:46:06.666 | INFO     | FedUtils.fed.fedprox:train:36 - -- Log At Round 71 --
2022-06-26 01:46:13.701 | INFO     | FedUtils.fed.fedprox:train:42 - -- TEST RESULTS --
2022-06-26 01:46:13.702 | INFO     | FedUtils.models.utils:decode_stat:127 - Test_0 Accuracy: 0.5335975289344788
2022-06-26 01:46:13.702 | INFO     | FedUtils.models.utils:decode_stat:127 - Test_1 Accuracy: 0.5032727122306824
2022-06-26 01:46:13.702 | INFO     | FedUtils.fed.fedprox:train:44 - -- TRAIN RESULTS --
2022-06-26 01:46:13.702 | INFO     | FedUtils.models.utils:decode_stat:127 - Test_0 Accuracy: 0.5335975289344788
2022-06-26 01:46:13.702 | INFO     | FedUtils.models.utils:decode_stat:127 - Test_1 Accuracy: 0.5032727122306824
2022-06-26 01:50:47.848 | INFO     | FedUtils.fed.fedprox:train:36 - -- Log At Round 72 --
2022-06-26 01:50:54.903 | INFO     | FedUtils.fed.fedprox:train:42 - -- TEST RESULTS --
2022-06-26 01:50:54.904 | INFO     | FedUtils.models.utils:decode_stat:127 - Test_0 Accuracy: 0.5318082571029663
2022-06-26 01:50:54.904 | INFO     | FedUtils.models.utils:decode_stat:127 - Test_1 Accuracy: 0.5
2022-06-26 01:50:54.904 | INFO     | FedUtils.fed.fedprox:train:44 - -- TRAIN RESULTS --
2022-06-26 01:50:54.904 | INFO     | FedUtils.models.utils:decode_stat:127 - Test_0 Accuracy: 0.5318082571029663
2022-06-26 01:50:54.904 | INFO     | FedUtils.models.utils:decode_stat:127 - Test_1 Accuracy: 0.5
2022-06-26 01:53:50.336 | INFO     | FedUtils.fed.fedprox:train:36 - -- Log At Round 73 --
2022-06-26 01:53:57.394 | INFO     | FedUtils.fed.fedprox:train:42 - -- TEST RESULTS --
2022-06-26 01:53:57.394 | INFO     | FedUtils.models.utils:decode_stat:127 - Test_0 Accuracy: 0.5330060124397278
2022-06-26 01:53:57.394 | INFO     | FedUtils.models.utils:decode_stat:127 - Test_1 Accuracy: 0.5018181800842285
2022-06-26 01:53:57.395 | INFO     | FedUtils.fed.fedprox:train:44 - -- TRAIN RESULTS --
2022-06-26 01:53:57.395 | INFO     | FedUtils.models.utils:decode_stat:127 - Test_0 Accuracy: 0.5330060124397278
2022-06-26 01:53:57.395 | INFO     | FedUtils.models.utils:decode_stat:127 - Test_1 Accuracy: 0.5018181800842285
2022-06-26 01:55:55.234 | INFO     | FedUtils.fed.fedprox:train:36 - -- Log At Round 74 --
2022-06-26 01:56:02.276 | INFO     | FedUtils.fed.fedprox:train:42 - -- TEST RESULTS --
2022-06-26 01:56:02.276 | INFO     | FedUtils.models.utils:decode_stat:127 - Test_0 Accuracy: 0.5335975289344788
2022-06-26 01:56:02.277 | INFO     | FedUtils.models.utils:decode_stat:127 - Test_1 Accuracy: 0.5003636479377747
2022-06-26 01:56:02.277 | INFO     | FedUtils.fed.fedprox:train:44 - -- TRAIN RESULTS --
2022-06-26 01:56:02.277 | INFO     | FedUtils.models.utils:decode_stat:127 - Test_0 Accuracy: 0.5335975289344788
2022-06-26 01:56:02.277 | INFO     | FedUtils.models.utils:decode_stat:127 - Test_1 Accuracy: 0.5003636479377747
2022-06-26 02:01:07.497 | INFO     | FedUtils.fed.fedprox:train:36 - -- Log At Round 75 --
2022-06-26 02:01:14.554 | INFO     | FedUtils.fed.fedprox:train:42 - -- TEST RESULTS --
2022-06-26 02:01:14.555 | INFO     | FedUtils.models.utils:decode_stat:127 - Test_0 Accuracy: 0.5342333912849426
2022-06-26 02:01:14.555 | INFO     | FedUtils.models.utils:decode_stat:127 - Test_1 Accuracy: 0.49672725796699524
2022-06-26 02:01:14.555 | INFO     | FedUtils.fed.fedprox:train:44 - -- TRAIN RESULTS --
2022-06-26 02:01:14.555 | INFO     | FedUtils.models.utils:decode_stat:127 - Test_0 Accuracy: 0.5342333912849426
2022-06-26 02:01:14.555 | INFO     | FedUtils.models.utils:decode_stat:127 - Test_1 Accuracy: 0.49672725796699524
2022-06-26 02:03:45.418 | INFO     | FedUtils.fed.fedprox:train:36 - -- Log At Round 76 --
2022-06-26 02:03:52.476 | INFO     | FedUtils.fed.fedprox:train:42 - -- TEST RESULTS --
2022-06-26 02:03:52.476 | INFO     | FedUtils.models.utils:decode_stat:127 - Test_0 Accuracy: 0.5310984253883362
2022-06-26 02:03:52.476 | INFO     | FedUtils.models.utils:decode_stat:127 - Test_1 Accuracy: 0.503636360168457
2022-06-26 02:03:52.476 | INFO     | FedUtils.fed.fedprox:train:44 - -- TRAIN RESULTS --
2022-06-26 02:03:52.477 | INFO     | FedUtils.models.utils:decode_stat:127 - Test_0 Accuracy: 0.5310984253883362
2022-06-26 02:03:52.477 | INFO     | FedUtils.models.utils:decode_stat:127 - Test_1 Accuracy: 0.503636360168457
2022-06-26 02:08:09.561 | INFO     | FedUtils.fed.fedprox:train:36 - -- Log At Round 77 --
2022-06-26 02:08:16.788 | INFO     | FedUtils.fed.fedprox:train:42 - -- TEST RESULTS --
2022-06-26 02:08:16.789 | INFO     | FedUtils.models.utils:decode_stat:127 - Test_0 Accuracy: 0.5283923149108887
2022-06-26 02:08:16.789 | INFO     | FedUtils.models.utils:decode_stat:127 - Test_1 Accuracy: 0.4901818037033081
2022-06-26 02:08:16.789 | INFO     | FedUtils.fed.fedprox:train:44 - -- TRAIN RESULTS --
2022-06-26 02:08:16.789 | INFO     | FedUtils.models.utils:decode_stat:127 - Test_0 Accuracy: 0.5283923149108887
2022-06-26 02:08:16.789 | INFO     | FedUtils.models.utils:decode_stat:127 - Test_1 Accuracy: 0.4901818037033081
2022-06-26 02:14:07.734 | INFO     | FedUtils.fed.fedprox:train:36 - -- Log At Round 78 --
2022-06-26 02:14:14.771 | INFO     | FedUtils.fed.fedprox:train:42 - -- TEST RESULTS --
2022-06-26 02:14:14.772 | INFO     | FedUtils.models.utils:decode_stat:127 - Test_0 Accuracy: 0.5369839072227478
2022-06-26 02:14:14.772 | INFO     | FedUtils.models.utils:decode_stat:127 - Test_1 Accuracy: 0.5094545483589172
2022-06-26 02:14:14.772 | INFO     | FedUtils.fed.fedprox:train:44 - -- TRAIN RESULTS --
2022-06-26 02:14:14.772 | INFO     | FedUtils.models.utils:decode_stat:127 - Test_0 Accuracy: 0.5369839072227478
2022-06-26 02:14:14.772 | INFO     | FedUtils.models.utils:decode_stat:127 - Test_1 Accuracy: 0.5094545483589172
2022-06-26 02:22:25.084 | INFO     | FedUtils.fed.fedprox:train:36 - -- Log At Round 79 --
2022-06-26 02:22:32.428 | INFO     | FedUtils.fed.fedprox:train:42 - -- TEST RESULTS --
2022-06-26 02:22:32.428 | INFO     | FedUtils.models.utils:decode_stat:127 - Test_0 Accuracy: 0.5364367961883545
2022-06-26 02:22:32.429 | INFO     | FedUtils.models.utils:decode_stat:127 - Test_1 Accuracy: 0.5061818361282349
2022-06-26 02:22:32.429 | INFO     | FedUtils.fed.fedprox:train:44 - -- TRAIN RESULTS --
2022-06-26 02:22:32.429 | INFO     | FedUtils.models.utils:decode_stat:127 - Test_0 Accuracy: 0.5364367961883545
2022-06-26 02:22:32.429 | INFO     | FedUtils.models.utils:decode_stat:127 - Test_1 Accuracy: 0.5061818361282349
2022-06-26 02:26:38.171 | INFO     | FedUtils.fed.fedprox:train:36 - -- Log At Round 80 --
2022-06-26 02:26:46.940 | INFO     | FedUtils.fed.fedprox:train:42 - -- TEST RESULTS --
2022-06-26 02:26:46.940 | INFO     | FedUtils.models.utils:decode_stat:127 - Test_0 Accuracy: 0.5361262559890747
2022-06-26 02:26:46.940 | INFO     | FedUtils.models.utils:decode_stat:127 - Test_1 Accuracy: 0.49745455384254456
2022-06-26 02:26:46.941 | INFO     | FedUtils.fed.fedprox:train:44 - -- TRAIN RESULTS --
2022-06-26 02:26:46.941 | INFO     | FedUtils.models.utils:decode_stat:127 - Test_0 Accuracy: 0.5361262559890747
2022-06-26 02:26:46.941 | INFO     | FedUtils.models.utils:decode_stat:127 - Test_1 Accuracy: 0.49745455384254456
2022-06-26 02:33:13.748 | INFO     | FedUtils.fed.fedprox:train:36 - -- Log At Round 81 --
2022-06-26 02:33:21.135 | INFO     | FedUtils.fed.fedprox:train:42 - -- TEST RESULTS --
2022-06-26 02:33:21.135 | INFO     | FedUtils.models.utils:decode_stat:127 - Test_0 Accuracy: 0.5393351316452026
2022-06-26 02:33:21.136 | INFO     | FedUtils.models.utils:decode_stat:127 - Test_1 Accuracy: 0.5065454840660095
2022-06-26 02:33:21.136 | INFO     | FedUtils.fed.fedprox:train:44 - -- TRAIN RESULTS --
2022-06-26 02:33:21.136 | INFO     | FedUtils.models.utils:decode_stat:127 - Test_0 Accuracy: 0.5393351316452026
2022-06-26 02:33:21.136 | INFO     | FedUtils.models.utils:decode_stat:127 - Test_1 Accuracy: 0.5065454840660095
2022-06-26 02:35:44.430 | INFO     | FedUtils.fed.fedprox:train:36 - -- Log At Round 82 --
2022-06-26 02:35:52.743 | INFO     | FedUtils.fed.fedprox:train:42 - -- TEST RESULTS --
2022-06-26 02:35:52.744 | INFO     | FedUtils.models.utils:decode_stat:127 - Test_0 Accuracy: 0.5374127626419067
2022-06-26 02:35:52.744 | INFO     | FedUtils.models.utils:decode_stat:127 - Test_1 Accuracy: 0.49927273392677307
2022-06-26 02:35:52.744 | INFO     | FedUtils.fed.fedprox:train:44 - -- TRAIN RESULTS --
2022-06-26 02:35:52.744 | INFO     | FedUtils.models.utils:decode_stat:127 - Test_0 Accuracy: 0.5374127626419067
2022-06-26 02:35:52.744 | INFO     | FedUtils.models.utils:decode_stat:127 - Test_1 Accuracy: 0.49927273392677307
2022-06-26 02:39:57.176 | INFO     | FedUtils.fed.fedprox:train:36 - -- Log At Round 83 --
2022-06-26 02:40:04.968 | INFO     | FedUtils.fed.fedprox:train:42 - -- TEST RESULTS --
2022-06-26 02:40:04.969 | INFO     | FedUtils.models.utils:decode_stat:127 - Test_0 Accuracy: 0.5362445116043091
2022-06-26 02:40:04.969 | INFO     | FedUtils.models.utils:decode_stat:127 - Test_1 Accuracy: 0.5021818280220032
2022-06-26 02:40:04.969 | INFO     | FedUtils.fed.fedprox:train:44 - -- TRAIN RESULTS --
2022-06-26 02:40:04.969 | INFO     | FedUtils.models.utils:decode_stat:127 - Test_0 Accuracy: 0.5362445116043091
2022-06-26 02:40:04.969 | INFO     | FedUtils.models.utils:decode_stat:127 - Test_1 Accuracy: 0.5021818280220032
2022-06-26 02:48:20.358 | INFO     | FedUtils.fed.fedprox:train:36 - -- Log At Round 84 --
2022-06-26 02:48:27.658 | INFO     | FedUtils.fed.fedprox:train:42 - -- TEST RESULTS --
2022-06-26 02:48:27.658 | INFO     | FedUtils.models.utils:decode_stat:127 - Test_0 Accuracy: 0.5366881489753723
2022-06-26 02:48:27.659 | INFO     | FedUtils.models.utils:decode_stat:127 - Test_1 Accuracy: 0.5076363682746887
2022-06-26 02:48:27.659 | INFO     | FedUtils.fed.fedprox:train:44 - -- TRAIN RESULTS --
2022-06-26 02:48:27.659 | INFO     | FedUtils.models.utils:decode_stat:127 - Test_0 Accuracy: 0.5366881489753723
2022-06-26 02:48:27.659 | INFO     | FedUtils.models.utils:decode_stat:127 - Test_1 Accuracy: 0.5076363682746887
2022-06-26 02:52:04.047 | INFO     | FedUtils.fed.fedprox:train:36 - -- Log At Round 85 --
2022-06-26 02:52:11.147 | INFO     | FedUtils.fed.fedprox:train:42 - -- TEST RESULTS --
2022-06-26 02:52:11.148 | INFO     | FedUtils.models.utils:decode_stat:127 - Test_0 Accuracy: 0.5377380847930908
2022-06-26 02:52:11.148 | INFO     | FedUtils.models.utils:decode_stat:127 - Test_1 Accuracy: 0.4970909059047699
2022-06-26 02:52:11.148 | INFO     | FedUtils.fed.fedprox:train:44 - -- TRAIN RESULTS --
2022-06-26 02:52:11.148 | INFO     | FedUtils.models.utils:decode_stat:127 - Test_0 Accuracy: 0.5377380847930908
2022-06-26 02:52:11.148 | INFO     | FedUtils.models.utils:decode_stat:127 - Test_1 Accuracy: 0.4970909059047699
2022-06-26 02:59:52.102 | INFO     | FedUtils.fed.fedprox:train:36 - -- Log At Round 86 --
2022-06-26 02:59:59.149 | INFO     | FedUtils.fed.fedprox:train:42 - -- TEST RESULTS --
2022-06-26 02:59:59.150 | INFO     | FedUtils.models.utils:decode_stat:127 - Test_0 Accuracy: 0.538447916507721
2022-06-26 02:59:59.150 | INFO     | FedUtils.models.utils:decode_stat:127 - Test_1 Accuracy: 0.5069090723991394
2022-06-26 02:59:59.150 | INFO     | FedUtils.fed.fedprox:train:44 - -- TRAIN RESULTS --
2022-06-26 02:59:59.150 | INFO     | FedUtils.models.utils:decode_stat:127 - Test_0 Accuracy: 0.538447916507721
2022-06-26 02:59:59.150 | INFO     | FedUtils.models.utils:decode_stat:127 - Test_1 Accuracy: 0.5069090723991394
2022-06-26 03:04:31.282 | INFO     | FedUtils.fed.fedprox:train:36 - -- Log At Round 87 --
2022-06-26 03:04:39.841 | INFO     | FedUtils.fed.fedprox:train:42 - -- TEST RESULTS --
2022-06-26 03:04:39.842 | INFO     | FedUtils.models.utils:decode_stat:127 - Test_0 Accuracy: 0.5372944474220276
2022-06-26 03:04:39.842 | INFO     | FedUtils.models.utils:decode_stat:127 - Test_1 Accuracy: 0.5101818442344666
2022-06-26 03:04:39.842 | INFO     | FedUtils.fed.fedprox:train:44 - -- TRAIN RESULTS --
2022-06-26 03:04:39.842 | INFO     | FedUtils.models.utils:decode_stat:127 - Test_0 Accuracy: 0.5372944474220276
2022-06-26 03:04:39.843 | INFO     | FedUtils.models.utils:decode_stat:127 - Test_1 Accuracy: 0.5101818442344666
2022-06-26 03:10:13.802 | INFO     | FedUtils.fed.fedprox:train:36 - -- Log At Round 88 --
2022-06-26 03:10:20.863 | INFO     | FedUtils.fed.fedprox:train:42 - -- TEST RESULTS --
2022-06-26 03:10:20.863 | INFO     | FedUtils.models.utils:decode_stat:127 - Test_0 Accuracy: 0.538447916507721
2022-06-26 03:10:20.863 | INFO     | FedUtils.models.utils:decode_stat:127 - Test_1 Accuracy: 0.5072727203369141
2022-06-26 03:10:20.863 | INFO     | FedUtils.fed.fedprox:train:44 - -- TRAIN RESULTS --
2022-06-26 03:10:20.864 | INFO     | FedUtils.models.utils:decode_stat:127 - Test_0 Accuracy: 0.538447916507721
2022-06-26 03:10:20.864 | INFO     | FedUtils.models.utils:decode_stat:127 - Test_1 Accuracy: 0.5072727203369141
2022-06-26 03:13:24.780 | INFO     | FedUtils.fed.fedprox:train:36 - -- Log At Round 89 --
2022-06-26 03:13:31.529 | INFO     | FedUtils.fed.fedprox:train:42 - -- TEST RESULTS --
2022-06-26 03:13:31.530 | INFO     | FedUtils.models.utils:decode_stat:127 - Test_0 Accuracy: 0.5372796654701233
2022-06-26 03:13:31.530 | INFO     | FedUtils.models.utils:decode_stat:127 - Test_1 Accuracy: 0.5058181881904602
2022-06-26 03:13:31.530 | INFO     | FedUtils.fed.fedprox:train:44 - -- TRAIN RESULTS --
2022-06-26 03:13:31.530 | INFO     | FedUtils.models.utils:decode_stat:127 - Test_0 Accuracy: 0.5372796654701233
2022-06-26 03:13:31.530 | INFO     | FedUtils.models.utils:decode_stat:127 - Test_1 Accuracy: 0.5058181881904602
2022-06-26 03:18:41.635 | INFO     | FedUtils.fed.fedprox:train:36 - -- Log At Round 90 --
2022-06-26 03:18:49.949 | INFO     | FedUtils.fed.fedprox:train:42 - -- TEST RESULTS --
2022-06-26 03:18:49.950 | INFO     | FedUtils.models.utils:decode_stat:127 - Test_0 Accuracy: 0.541020929813385
2022-06-26 03:18:49.950 | INFO     | FedUtils.models.utils:decode_stat:127 - Test_1 Accuracy: 0.5087272524833679
2022-06-26 03:18:49.950 | INFO     | FedUtils.fed.fedprox:train:44 - -- TRAIN RESULTS --
2022-06-26 03:18:49.950 | INFO     | FedUtils.models.utils:decode_stat:127 - Test_0 Accuracy: 0.541020929813385
2022-06-26 03:18:49.950 | INFO     | FedUtils.models.utils:decode_stat:127 - Test_1 Accuracy: 0.5087272524833679
2022-06-26 03:24:46.835 | INFO     | FedUtils.fed.fedprox:train:36 - -- Log At Round 91 --
2022-06-26 03:24:53.885 | INFO     | FedUtils.fed.fedprox:train:42 - -- TEST RESULTS --
2022-06-26 03:24:53.886 | INFO     | FedUtils.models.utils:decode_stat:127 - Test_0 Accuracy: 0.5400449633598328
2022-06-26 03:24:53.886 | INFO     | FedUtils.models.utils:decode_stat:127 - Test_1 Accuracy: 0.5127272605895996
2022-06-26 03:24:53.886 | INFO     | FedUtils.fed.fedprox:train:44 - -- TRAIN RESULTS --
2022-06-26 03:24:53.886 | INFO     | FedUtils.models.utils:decode_stat:127 - Test_0 Accuracy: 0.5400449633598328
2022-06-26 03:24:53.886 | INFO     | FedUtils.models.utils:decode_stat:127 - Test_1 Accuracy: 0.5127272605895996
2022-06-26 03:30:18.077 | INFO     | FedUtils.fed.fedprox:train:36 - -- Log At Round 92 --
2022-06-26 03:30:25.402 | INFO     | FedUtils.fed.fedprox:train:42 - -- TEST RESULTS --
2022-06-26 03:30:25.402 | INFO     | FedUtils.models.utils:decode_stat:127 - Test_0 Accuracy: 0.5419377684593201
2022-06-26 03:30:25.402 | INFO     | FedUtils.models.utils:decode_stat:127 - Test_1 Accuracy: 0.5072727203369141
2022-06-26 03:30:25.402 | INFO     | FedUtils.fed.fedprox:train:44 - -- TRAIN RESULTS --
2022-06-26 03:30:25.403 | INFO     | FedUtils.models.utils:decode_stat:127 - Test_0 Accuracy: 0.5419377684593201
2022-06-26 03:30:25.403 | INFO     | FedUtils.models.utils:decode_stat:127 - Test_1 Accuracy: 0.5072727203369141
2022-06-26 03:35:14.832 | INFO     | FedUtils.fed.fedprox:train:36 - -- Log At Round 93 --
2022-06-26 03:35:21.893 | INFO     | FedUtils.fed.fedprox:train:42 - -- TEST RESULTS --
2022-06-26 03:35:21.893 | INFO     | FedUtils.models.utils:decode_stat:127 - Test_0 Accuracy: 0.5438010096549988
2022-06-26 03:35:21.893 | INFO     | FedUtils.models.utils:decode_stat:127 - Test_1 Accuracy: 0.5058181881904602
2022-06-26 03:35:21.893 | INFO     | FedUtils.fed.fedprox:train:44 - -- TRAIN RESULTS --
2022-06-26 03:35:21.894 | INFO     | FedUtils.models.utils:decode_stat:127 - Test_0 Accuracy: 0.5438010096549988
2022-06-26 03:35:21.894 | INFO     | FedUtils.models.utils:decode_stat:127 - Test_1 Accuracy: 0.5058181881904602
2022-06-26 03:37:44.153 | INFO     | FedUtils.fed.fedprox:train:36 - -- Log At Round 94 --
2022-06-26 03:37:51.206 | INFO     | FedUtils.fed.fedprox:train:42 - -- TEST RESULTS --
2022-06-26 03:37:51.206 | INFO     | FedUtils.models.utils:decode_stat:127 - Test_0 Accuracy: 0.5401780605316162
2022-06-26 03:37:51.206 | INFO     | FedUtils.models.utils:decode_stat:127 - Test_1 Accuracy: 0.5021818280220032
2022-06-26 03:37:51.206 | INFO     | FedUtils.fed.fedprox:train:44 - -- TRAIN RESULTS --
2022-06-26 03:37:51.207 | INFO     | FedUtils.models.utils:decode_stat:127 - Test_0 Accuracy: 0.5401780605316162
2022-06-26 03:37:51.207 | INFO     | FedUtils.models.utils:decode_stat:127 - Test_1 Accuracy: 0.5021818280220032
2022-06-26 03:43:47.355 | INFO     | FedUtils.fed.fedprox:train:36 - -- Log At Round 95 --
2022-06-26 03:43:55.381 | INFO     | FedUtils.fed.fedprox:train:42 - -- TEST RESULTS --
2022-06-26 03:43:55.381 | INFO     | FedUtils.models.utils:decode_stat:127 - Test_0 Accuracy: 0.5437566637992859
2022-06-26 03:43:55.381 | INFO     | FedUtils.models.utils:decode_stat:127 - Test_1 Accuracy: 0.5080000162124634
2022-06-26 03:43:55.381 | INFO     | FedUtils.fed.fedprox:train:44 - -- TRAIN RESULTS --
2022-06-26 03:43:55.381 | INFO     | FedUtils.models.utils:decode_stat:127 - Test_0 Accuracy: 0.5437566637992859
2022-06-26 03:43:55.382 | INFO     | FedUtils.models.utils:decode_stat:127 - Test_1 Accuracy: 0.5080000162124634
2022-06-26 03:50:23.858 | INFO     | FedUtils.fed.fedprox:train:36 - -- Log At Round 96 --
2022-06-26 03:50:31.599 | INFO     | FedUtils.fed.fedprox:train:42 - -- TEST RESULTS --
2022-06-26 03:50:31.599 | INFO     | FedUtils.models.utils:decode_stat:127 - Test_0 Accuracy: 0.5446290969848633
2022-06-26 03:50:31.600 | INFO     | FedUtils.models.utils:decode_stat:127 - Test_1 Accuracy: 0.5127272605895996
2022-06-26 03:50:31.600 | INFO     | FedUtils.fed.fedprox:train:44 - -- TRAIN RESULTS --
2022-06-26 03:50:31.600 | INFO     | FedUtils.models.utils:decode_stat:127 - Test_0 Accuracy: 0.5446290969848633
2022-06-26 03:50:31.600 | INFO     | FedUtils.models.utils:decode_stat:127 - Test_1 Accuracy: 0.5127272605895996
2022-06-26 03:53:38.475 | INFO     | FedUtils.fed.fedprox:train:36 - -- Log At Round 97 --
2022-06-26 03:53:45.812 | INFO     | FedUtils.fed.fedprox:train:42 - -- TEST RESULTS --
2022-06-26 03:53:45.812 | INFO     | FedUtils.models.utils:decode_stat:127 - Test_0 Accuracy: 0.5434165596961975
2022-06-26 03:53:45.812 | INFO     | FedUtils.models.utils:decode_stat:127 - Test_1 Accuracy: 0.5069090723991394
2022-06-26 03:53:45.813 | INFO     | FedUtils.fed.fedprox:train:44 - -- TRAIN RESULTS --
2022-06-26 03:53:45.813 | INFO     | FedUtils.models.utils:decode_stat:127 - Test_0 Accuracy: 0.5434165596961975
2022-06-26 03:53:45.813 | INFO     | FedUtils.models.utils:decode_stat:127 - Test_1 Accuracy: 0.5069090723991394
2022-06-26 03:55:44.955 | INFO     | FedUtils.fed.fedprox:train:36 - -- Log At Round 98 --
2022-06-26 03:55:52.019 | INFO     | FedUtils.fed.fedprox:train:42 - -- TEST RESULTS --
2022-06-26 03:55:52.019 | INFO     | FedUtils.models.utils:decode_stat:127 - Test_0 Accuracy: 0.5420708656311035
2022-06-26 03:55:52.019 | INFO     | FedUtils.models.utils:decode_stat:127 - Test_1 Accuracy: 0.5156363844871521
2022-06-26 03:55:52.020 | INFO     | FedUtils.fed.fedprox:train:44 - -- TRAIN RESULTS --
2022-06-26 03:55:52.020 | INFO     | FedUtils.models.utils:decode_stat:127 - Test_0 Accuracy: 0.5420708656311035
2022-06-26 03:55:52.020 | INFO     | FedUtils.models.utils:decode_stat:127 - Test_1 Accuracy: 0.5156363844871521
2022-06-26 03:58:34.274 | INFO     | FedUtils.fed.fedprox:train:36 - -- Log At Round 99 --
2022-06-26 03:58:41.341 | INFO     | FedUtils.fed.fedprox:train:42 - -- TEST RESULTS --
2022-06-26 03:58:41.342 | INFO     | FedUtils.models.utils:decode_stat:127 - Test_0 Accuracy: 0.5421299934387207
2022-06-26 03:58:41.342 | INFO     | FedUtils.models.utils:decode_stat:127 - Test_1 Accuracy: 0.5167272686958313
2022-06-26 03:58:41.342 | INFO     | FedUtils.fed.fedprox:train:44 - -- TRAIN RESULTS --
2022-06-26 03:58:41.342 | INFO     | FedUtils.models.utils:decode_stat:127 - Test_0 Accuracy: 0.5421299934387207
2022-06-26 03:58:41.342 | INFO     | FedUtils.models.utils:decode_stat:127 - Test_1 Accuracy: 0.5167272686958313
2022-06-26 04:01:27.707 | INFO     | FedUtils.fed.fedprox:train:68 - -- Log At Round 99 --
2022-06-26 04:01:34.843 | INFO     | FedUtils.fed.fedprox:train:74 - -- TEST RESULTS --
2022-06-26 04:01:34.843 | INFO     | FedUtils.models.utils:decode_stat:127 - Test_0 Accuracy: 0.5427954792976379
2022-06-26 04:01:34.843 | INFO     | FedUtils.models.utils:decode_stat:127 - Test_1 Accuracy: 0.5145454406738281
2022-06-26 04:01:34.844 | INFO     | FedUtils.fed.fedprox:train:76 - -- TRAIN RESULTS --
2022-06-26 04:01:34.844 | INFO     | FedUtils.models.utils:decode_stat:127 - Test_0 Accuracy: 0.5427954792976379
2022-06-26 04:01:34.844 | INFO     | FedUtils.models.utils:decode_stat:127 - Test_1 Accuracy: 0.5145454406738281
