2022-01-04 01:00:30.183 | INFO     | FedUtils.fed.fedavg:train:10 - Train with 10 workers...
2022-01-04 01:00:30.184 | INFO     | FedUtils.fed.fedavg:train:13 - -- Log At Round 0 --
2022-01-04 01:03:06.067 | INFO     | FedUtils.fed.fedavg:train:19 - -- TEST RESULTS --
2022-01-04 01:03:06.069 | INFO     | FedUtils.models.utils:decode_stat:157 - Test_0 Accuracy: 0.5652173757553101
2022-01-04 01:03:06.069 | INFO     | FedUtils.models.utils:decode_stat:157 - Test_1 Accuracy: 0.5077881217002869
2022-01-04 01:03:06.069 | INFO     | FedUtils.fed.fedavg:train:21 - -- TRAIN RESULTS --
2022-01-04 01:03:06.070 | INFO     | FedUtils.models.utils:decode_stat:163 - Accuracy: 0.5488126873970032 Loss: 0.693009078502655
2022-01-04 01:03:25.125 | INFO     | FedUtils.fed.fedavg:train:13 - -- Log At Round 1 --
2022-01-04 01:05:44.072 | INFO     | FedUtils.fed.fedavg:train:19 - -- TEST RESULTS --
2022-01-04 01:05:44.073 | INFO     | FedUtils.models.utils:decode_stat:157 - Test_0 Accuracy: 0.43478262424468994
2022-01-04 01:05:44.074 | INFO     | FedUtils.models.utils:decode_stat:157 - Test_1 Accuracy: 0.49221181869506836
2022-01-04 01:05:44.074 | INFO     | FedUtils.fed.fedavg:train:21 - -- TRAIN RESULTS --
2022-01-04 01:05:44.076 | INFO     | FedUtils.models.utils:decode_stat:163 - Accuracy: 0.4511873424053192 Loss: 0.6931637525558472
2022-01-04 01:06:09.327 | INFO     | FedUtils.fed.fedavg:train:13 - -- Log At Round 2 --
2022-01-04 01:08:31.211 | INFO     | FedUtils.fed.fedavg:train:19 - -- TEST RESULTS --
2022-01-04 01:08:31.212 | INFO     | FedUtils.models.utils:decode_stat:157 - Test_0 Accuracy: 0.43478262424468994
2022-01-04 01:08:31.213 | INFO     | FedUtils.models.utils:decode_stat:157 - Test_1 Accuracy: 0.49221181869506836
2022-01-04 01:08:31.213 | INFO     | FedUtils.fed.fedavg:train:21 - -- TRAIN RESULTS --
2022-01-04 01:08:31.214 | INFO     | FedUtils.models.utils:decode_stat:163 - Accuracy: 0.4511873424053192 Loss: 0.6933234333992004
2022-01-04 01:08:56.310 | INFO     | FedUtils.fed.fedavg:train:13 - -- Log At Round 3 --
2022-01-04 01:11:19.372 | INFO     | FedUtils.fed.fedavg:train:19 - -- TEST RESULTS --
2022-01-04 01:11:19.373 | INFO     | FedUtils.models.utils:decode_stat:157 - Test_0 Accuracy: 0.43478262424468994
2022-01-04 01:11:19.374 | INFO     | FedUtils.models.utils:decode_stat:157 - Test_1 Accuracy: 0.49221181869506836
2022-01-04 01:11:19.374 | INFO     | FedUtils.fed.fedavg:train:21 - -- TRAIN RESULTS --
2022-01-04 01:11:19.376 | INFO     | FedUtils.models.utils:decode_stat:163 - Accuracy: 0.4511873424053192 Loss: 0.6935998201370239
2022-01-04 01:11:37.539 | INFO     | FedUtils.fed.fedavg:train:13 - -- Log At Round 4 --
2022-01-04 01:13:54.149 | INFO     | FedUtils.fed.fedavg:train:19 - -- TEST RESULTS --
2022-01-04 01:13:54.151 | INFO     | FedUtils.models.utils:decode_stat:157 - Test_0 Accuracy: 0.43478262424468994
2022-01-04 01:13:54.151 | INFO     | FedUtils.models.utils:decode_stat:157 - Test_1 Accuracy: 0.49221181869506836
2022-01-04 01:13:54.152 | INFO     | FedUtils.fed.fedavg:train:21 - -- TRAIN RESULTS --
2022-01-04 01:13:54.153 | INFO     | FedUtils.models.utils:decode_stat:163 - Accuracy: 0.4511873424053192 Loss: 0.6933566927909851
2022-01-04 01:14:15.475 | INFO     | FedUtils.fed.fedavg:train:13 - -- Log At Round 5 --
2022-01-04 01:16:38.108 | INFO     | FedUtils.fed.fedavg:train:19 - -- TEST RESULTS --
2022-01-04 01:16:38.109 | INFO     | FedUtils.models.utils:decode_stat:157 - Test_0 Accuracy: 0.43478262424468994
2022-01-04 01:16:38.110 | INFO     | FedUtils.models.utils:decode_stat:157 - Test_1 Accuracy: 0.49221181869506836
2022-01-04 01:16:38.110 | INFO     | FedUtils.fed.fedavg:train:21 - -- TRAIN RESULTS --
2022-01-04 01:16:38.112 | INFO     | FedUtils.models.utils:decode_stat:163 - Accuracy: 0.4511873424053192 Loss: 0.6932749152183533
2022-01-04 01:16:54.209 | INFO     | FedUtils.fed.fedavg:train:13 - -- Log At Round 6 --
2022-01-04 01:19:06.911 | INFO     | FedUtils.fed.fedavg:train:19 - -- TEST RESULTS --
2022-01-04 01:19:06.912 | INFO     | FedUtils.models.utils:decode_stat:157 - Test_0 Accuracy: 0.43478262424468994
2022-01-04 01:19:06.912 | INFO     | FedUtils.models.utils:decode_stat:157 - Test_1 Accuracy: 0.49221181869506836
2022-01-04 01:19:06.912 | INFO     | FedUtils.fed.fedavg:train:21 - -- TRAIN RESULTS --
2022-01-04 01:19:06.913 | INFO     | FedUtils.models.utils:decode_stat:163 - Accuracy: 0.4511873424053192 Loss: 0.6933842897415161
2022-01-04 01:19:22.761 | INFO     | FedUtils.fed.fedavg:train:13 - -- Log At Round 7 --
2022-01-04 01:21:40.108 | INFO     | FedUtils.fed.fedavg:train:19 - -- TEST RESULTS --
2022-01-04 01:21:40.110 | INFO     | FedUtils.models.utils:decode_stat:157 - Test_0 Accuracy: 0.43478262424468994
2022-01-04 01:21:40.111 | INFO     | FedUtils.models.utils:decode_stat:157 - Test_1 Accuracy: 0.49221181869506836
2022-01-04 01:21:40.111 | INFO     | FedUtils.fed.fedavg:train:21 - -- TRAIN RESULTS --
2022-01-04 01:21:40.112 | INFO     | FedUtils.models.utils:decode_stat:163 - Accuracy: 0.4511873424053192 Loss: 0.6952294111251831
2022-01-04 01:22:02.327 | INFO     | FedUtils.fed.fedavg:train:13 - -- Log At Round 8 --
2022-01-04 01:24:22.768 | INFO     | FedUtils.fed.fedavg:train:19 - -- TEST RESULTS --
2022-01-04 01:24:22.770 | INFO     | FedUtils.models.utils:decode_stat:157 - Test_0 Accuracy: 0.43478262424468994
2022-01-04 01:24:22.771 | INFO     | FedUtils.models.utils:decode_stat:157 - Test_1 Accuracy: 0.49221181869506836
2022-01-04 01:24:22.771 | INFO     | FedUtils.fed.fedavg:train:21 - -- TRAIN RESULTS --
2022-01-04 01:24:22.773 | INFO     | FedUtils.models.utils:decode_stat:163 - Accuracy: 0.4511873424053192 Loss: 0.6947761178016663
2022-01-04 01:24:44.009 | INFO     | FedUtils.fed.fedavg:train:13 - -- Log At Round 9 --
2022-01-04 01:27:00.941 | INFO     | FedUtils.fed.fedavg:train:19 - -- TEST RESULTS --
2022-01-04 01:27:00.942 | INFO     | FedUtils.models.utils:decode_stat:157 - Test_0 Accuracy: 0.43478262424468994
2022-01-04 01:27:00.943 | INFO     | FedUtils.models.utils:decode_stat:157 - Test_1 Accuracy: 0.49221181869506836
2022-01-04 01:27:00.943 | INFO     | FedUtils.fed.fedavg:train:21 - -- TRAIN RESULTS --
2022-01-04 01:27:00.944 | INFO     | FedUtils.models.utils:decode_stat:163 - Accuracy: 0.4511873424053192 Loss: 0.6939815878868103
2022-01-04 01:27:28.447 | INFO     | FedUtils.fed.fedavg:train:46 - -- Log At Round 9 --
2022-01-04 01:29:46.892 | INFO     | FedUtils.fed.fedavg:train:53 - -- TEST RESULTS --
2022-01-04 01:29:46.894 | INFO     | FedUtils.models.utils:decode_stat:157 - Test_0 Accuracy: 0.43478262424468994
2022-01-04 01:29:46.894 | INFO     | FedUtils.models.utils:decode_stat:157 - Test_1 Accuracy: 0.49221181869506836
2022-01-04 01:29:46.894 | INFO     | FedUtils.fed.fedavg:train:55 - -- TRAIN RESULTS --
2022-01-04 01:29:46.895 | INFO     | FedUtils.models.utils:decode_stat:163 - Accuracy: 0.4511873424053192 Loss: 0.6958298683166504
